<?xml version="1.0" ?>
<testsuites disabled="0" errors="0" failures="53" tests="153" time="0.0">
	<testsuite disabled="0" errors="0" failures="51" name="terraform scan" skipped="0" tests="151" time="0">
		<properties>
			<property name="directory" value="['/tf']"/>
			<property name="add_check" value="False"/>
			<property name="list" value="False"/>
			<property name="output" value="['junitxml']"/>
			<property name="output_file_path" value="results.xml"/>
			<property name="output_bc_ids" value="False"/>
			<property name="include_all_checkov_policies" value="True"/>
			<property name="quiet" value="False"/>
			<property name="compact" value="False"/>
			<property name="framework" value="['all']"/>
			<property name="skip_framework" value="[]"/>
			<property name="run_all_external_checks" value="False"/>
			<property name="soft_fail" value="False"/>
			<property name="skip_results_upload" value="False"/>
			<property name="repo_id" value="cli_repo/tf"/>
			<property name="branch" value="master"/>
			<property name="skip_download" value="False"/>
			<property name="use_enforcement_rules" value="False"/>
			<property name="external_modules_download_path" value=".external_modules"/>
			<property name="evaluate_variables" value="True"/>
			<property name="no_cert_verify" value="False"/>
			<property name="create_baseline" value="False"/>
			<property name="output_baseline_as_skipped" value="False"/>
			<property name="secrets_scan_file_type" value="[]"/>
			<property name="enable_secret_scan_all_files" value="False"/>
			<property name="block_list_secret_scan" value="[]"/>
			<property name="summary_position" value="top"/>
			<property name="skip_resources_without_violations" value="False"/>
			<property name="deep_analysis" value="False"/>
			<property name="no_fail_on_crash" value="False"/>
			<property name="mask" value="defaultdict(&lt;class 'set'&gt;, {})"/>
			<property name="scan_secrets_history" value="False"/>
			<property name="secrets_history_timeout" value="12h"/>
			<property name="custom_tool_name" value="Checkov"/>
		</properties>
		<testcase name="[NONE][CKV_AWS_41] Ensure no hard coded AWS access key and secret key exists in provider" classname="/main.tf.aws.default" file="/main.tf"/>
		<testcase name="[NONE][CKV_AWS_93] Ensure S3 bucket policy does not lockout all but root user. (Prevent lockouts needing root account fixes)" classname="/modules/cicd/main.tf.module.cicd.aws_s3_bucket.artifacts" file="/modules/cicd/main.tf"/>
		<testcase name="[NONE][CKV_AWS_61] Ensure AWS IAM policy does not allow assume role permission across all services" classname="/modules/cicd/main.tf.module.cicd.aws_iam_role.pipeline_role" file="/modules/cicd/main.tf"/>
		<testcase name="[NONE][CKV_AWS_274] Disallow IAM roles, users, and groups from using the AWS AdministratorAccess policy" classname="/modules/cicd/main.tf.module.cicd.aws_iam_role.pipeline_role" file="/modules/cicd/main.tf"/>
		<testcase name="[NONE][CKV_AWS_393] Ensure AWS GitHub Actions OIDC authorization policies only allow safe claims and claim order on IAM role" classname="/modules/cicd/main.tf.module.cicd.aws_iam_role.pipeline_role" file="/modules/cicd/main.tf"/>
		<testcase name="[NONE][CKV_AWS_60] Ensure IAM role allows only specific services or principals to assume it" classname="/modules/cicd/main.tf.module.cicd.aws_iam_role.pipeline_role" file="/modules/cicd/main.tf"/>
		<testcase name="[NONE][CKV_AWS_227] Ensure KMS key is enabled" classname="/modules/cicd/main.tf.module.cicd.aws_kms_key.codebuild_cmk" file="/modules/cicd/main.tf"/>
		<testcase name="[NONE][CKV_AWS_7] Ensure rotation for customer created CMKs is enabled" classname="/modules/cicd/main.tf.module.cicd.aws_kms_key.codebuild_cmk" file="/modules/cicd/main.tf"/>
		<testcase name="[NONE][CKV_AWS_33] Ensure KMS key policy does not contain wildcard (*) principal" classname="/modules/cicd/main.tf.module.cicd.aws_kms_key.codebuild_cmk" file="/modules/cicd/main.tf"/>
		<testcase name="[NONE][CKV_AWS_311] Ensure that CodeBuild S3 logs are encrypted" classname="/modules/cicd/main.tf.module.cicd.aws_codebuild_project.app_build" file="/modules/cicd/main.tf"/>
		<testcase name="[NONE][CKV_AWS_314] Ensure CodeBuild project environments have a logging configuration" classname="/modules/cicd/main.tf.module.cicd.aws_codebuild_project.app_build" file="/modules/cicd/main.tf"/>
		<testcase name="[NONE][CKV_AWS_147] Ensure that CodeBuild projects are encrypted using CMK" classname="/modules/cicd/main.tf.module.cicd.aws_codebuild_project.app_build" file="/modules/cicd/main.tf"/>
		<testcase name="[NONE][CKV_AWS_316] Ensure CodeBuild project environments do not have privileged mode enabled" classname="/modules/cicd/main.tf.module.cicd.aws_codebuild_project.app_build" file="/modules/cicd/main.tf"/>
		<testcase name="[NONE][CKV_AWS_78] Ensure that CodeBuild Project encryption is not disabled" classname="/modules/cicd/main.tf.module.cicd.aws_codebuild_project.app_build" file="/modules/cicd/main.tf"/>
		<testcase name="[NONE][CKV_AWS_219] Ensure CodePipeline Artifact store is using a KMS CMK" classname="/modules/cicd/main.tf.module.cicd.aws_codepipeline.this" file="/modules/cicd/main.tf"/>
		<testcase name="[NONE][CKV_AWS_45] Ensure no hard-coded secrets exist in lambda environment" classname="/modules/compute/main.tf.module.compute.aws_lambda_function.this" file="/modules/compute/main.tf"/>
		<testcase name="[NONE][CKV_AWS_325] Ensure that RDS Cluster audit logging is enabled for MySQL engine" classname="/modules/database/main.tf.aws_rds_cluster.aurora_serverless" file="/modules/database/main.tf"/>
		<testcase name="[NONE][CKV_AWS_327] Ensure RDS Clusters are encrypted using KMS CMKs" classname="/modules/database/main.tf.aws_rds_cluster.aurora_serverless" file="/modules/database/main.tf"/>
		<testcase name="[NONE][CKV_AWS_133] Ensure that RDS instances has backup policy" classname="/modules/database/main.tf.aws_rds_cluster.aurora_serverless" file="/modules/database/main.tf"/>
		<testcase name="[NONE][CKV_AWS_96] Ensure all data stored in Aurora is securely encrypted at rest" classname="/modules/database/main.tf.aws_rds_cluster.aurora_serverless" file="/modules/database/main.tf"/>
		<testcase name="[NONE][CKV_AWS_324] Ensure that RDS Cluster log capture is enabled" classname="/modules/database/main.tf.aws_rds_cluster.aurora_serverless" file="/modules/database/main.tf"/>
		<testcase name="[NONE][CKV_AWS_17] Ensure all data stored in RDS is not publicly accessible" classname="/modules/database/main.tf.aws_rds_cluster_instance.aurora_instance[0]" file="/modules/database/main.tf"/>
		<testcase name="[NONE][CKV_AWS_226] Ensure DB instance gets all minor upgrades automatically" classname="/modules/database/main.tf.aws_rds_cluster_instance.aurora_instance[0]" file="/modules/database/main.tf"/>
		<testcase name="[NONE][CKV_AWS_354] Ensure RDS Performance Insights are encrypted using KMS CMKs" classname="/modules/database/main.tf.aws_rds_cluster_instance.aurora_instance[0]" file="/modules/database/main.tf"/>
		<testcase name="[NONE][CKV_AWS_93] Ensure S3 bucket policy does not lockout all but root user. (Prevent lockouts needing root account fixes)" classname="/modules/database/main.tf.aws_s3_bucket.data_storage" file="/modules/database/main.tf"/>
		<testcase name="[NONE][CKV_AWS_56] Ensure S3 bucket has 'restrict_public_buckets' enabled" classname="/modules/database/main.tf.aws_s3_bucket_public_access_block.storage_public_access" file="/modules/database/main.tf"/>
		<testcase name="[NONE][CKV_AWS_55] Ensure S3 bucket has ignore public ACLs enabled" classname="/modules/database/main.tf.aws_s3_bucket_public_access_block.storage_public_access" file="/modules/database/main.tf"/>
		<testcase name="[NONE][CKV_AWS_53] Ensure S3 bucket has block public ACLS enabled" classname="/modules/database/main.tf.aws_s3_bucket_public_access_block.storage_public_access" file="/modules/database/main.tf"/>
		<testcase name="[NONE][CKV_AWS_54] Ensure S3 bucket has block public policy enabled" classname="/modules/database/main.tf.aws_s3_bucket_public_access_block.storage_public_access" file="/modules/database/main.tf"/>
		<testcase name="[NONE][CKV_AWS_319] Ensure that CloudWatch alarm actions are enabled" classname="/modules/database/main.tf.aws_cloudwatch_metric_alarm.aurora_cpu[0]" file="/modules/database/main.tf"/>
		<testcase name="[NONE][CKV_AWS_319] Ensure that CloudWatch alarm actions are enabled" classname="/modules/database/main.tf.aws_cloudwatch_metric_alarm.aurora_connections[0]" file="/modules/database/main.tf"/>
		<testcase name="[NONE][CKV_AWS_17] Ensure all data stored in RDS is not publicly accessible" classname="/modules/database/main.tf.aws_rds_cluster_instance.aurora_instance[1]" file="/modules/database/main.tf"/>
		<testcase name="[NONE][CKV_AWS_226] Ensure DB instance gets all minor upgrades automatically" classname="/modules/database/main.tf.aws_rds_cluster_instance.aurora_instance[1]" file="/modules/database/main.tf"/>
		<testcase name="[NONE][CKV_AWS_354] Ensure RDS Performance Insights are encrypted using KMS CMKs" classname="/modules/database/main.tf.aws_rds_cluster_instance.aurora_instance[1]" file="/modules/database/main.tf"/>
		<testcase name="[NONE][CKV_AWS_168] Ensure SQS queue policy is not public by only allowing specific services or principals to access it" classname="/modules/events/main.tf.module.events.aws_sqs_queue.this" file="/modules/events/main.tf"/>
		<testcase name="[NONE][CKV_AWS_72] Ensure SQS policy does not allow ALL (*) actions." classname="/modules/events/main.tf.module.events.aws_sqs_queue_policy.this" file="/modules/events/main.tf"/>
		<testcase name="[NONE][CKV_AWS_387] Ensure SQS policy does not allow public access through wildcards" classname="/modules/events/main.tf.module.events.aws_sqs_queue_policy.this" file="/modules/events/main.tf"/>
		<testcase name="[NONE][CKV_AWS_168] Ensure SQS queue policy is not public by only allowing specific services or principals to access it" classname="/modules/events/main.tf.module.events.aws_sqs_queue_policy.this" file="/modules/events/main.tf"/>
		<testcase name="[NONE][CKV_AWS_169] Ensure SNS topic policy is not public by only allowing specific services or principals to access it" classname="/modules/events/main.tf.module.events.aws_sns_topic_policy.allow_s3" file="/modules/events/main.tf"/>
		<testcase name="[NONE][CKV_AWS_385] Ensure AWS SNS topic policies do not allow cross-account access" classname="/modules/events/main.tf.module.events.aws_sns_topic_policy.allow_s3" file="/modules/events/main.tf"/>
		<testcase name="[NONE][CKV_AWS_45] Ensure no hard-coded secrets exist in lambda environment" classname="/modules/events/main.tf.module.events.aws_lambda_function.this" file="/modules/events/main.tf"/>
		<testcase name="[NONE][CKV_AWS_277] Ensure no security groups allow ingress from 0.0.0.0:0 to port -1" classname="/modules/networking/main.tf.aws_security_group.alb" file="/modules/networking/main.tf"/>
		<testcase name="[NONE][CKV_AWS_23] Ensure every security group and rule has a description" classname="/modules/networking/main.tf.aws_security_group.alb" file="/modules/networking/main.tf"/>
		<testcase name="[NONE][CKV_AWS_24] Ensure no security groups allow ingress from 0.0.0.0:0 to port 22" classname="/modules/networking/main.tf.aws_security_group.alb" file="/modules/networking/main.tf"/>
		<testcase name="[NONE][CKV_AWS_25] Ensure no security groups allow ingress from 0.0.0.0:0 to port 3389" classname="/modules/networking/main.tf.aws_security_group.alb" file="/modules/networking/main.tf"/>
		<testcase name="[NONE][CKV_AWS_277] Ensure no security groups allow ingress from 0.0.0.0:0 to port -1" classname="/modules/networking/main.tf.aws_security_group.ecs" file="/modules/networking/main.tf"/>
		<testcase name="[NONE][CKV_AWS_260] Ensure no security groups allow ingress from 0.0.0.0:0 to port 80" classname="/modules/networking/main.tf.aws_security_group.ecs" file="/modules/networking/main.tf"/>
		<testcase name="[NONE][CKV_AWS_23] Ensure every security group and rule has a description" classname="/modules/networking/main.tf.aws_security_group.ecs" file="/modules/networking/main.tf"/>
		<testcase name="[NONE][CKV_AWS_24] Ensure no security groups allow ingress from 0.0.0.0:0 to port 22" classname="/modules/networking/main.tf.aws_security_group.ecs" file="/modules/networking/main.tf"/>
		<testcase name="[NONE][CKV_AWS_25] Ensure no security groups allow ingress from 0.0.0.0:0 to port 3389" classname="/modules/networking/main.tf.aws_security_group.ecs" file="/modules/networking/main.tf"/>
		<testcase name="[NONE][CKV_AWS_277] Ensure no security groups allow ingress from 0.0.0.0:0 to port -1" classname="/modules/networking/main.tf.aws_security_group.rds" file="/modules/networking/main.tf"/>
		<testcase name="[NONE][CKV_AWS_260] Ensure no security groups allow ingress from 0.0.0.0:0 to port 80" classname="/modules/networking/main.tf.aws_security_group.rds" file="/modules/networking/main.tf"/>
		<testcase name="[NONE][CKV_AWS_23] Ensure every security group and rule has a description" classname="/modules/networking/main.tf.aws_security_group.rds" file="/modules/networking/main.tf"/>
		<testcase name="[NONE][CKV_AWS_24] Ensure no security groups allow ingress from 0.0.0.0:0 to port 22" classname="/modules/networking/main.tf.aws_security_group.rds" file="/modules/networking/main.tf"/>
		<testcase name="[NONE][CKV_AWS_25] Ensure no security groups allow ingress from 0.0.0.0:0 to port 3389" classname="/modules/networking/main.tf.aws_security_group.rds" file="/modules/networking/main.tf"/>
		<testcase name="[NONE][CKV_AWS_66] Ensure that CloudWatch Log Group specifies retention days" classname="/modules/networking/main.tf.aws_cloudwatch_log_group.vpc_flow_logs[0]" file="/modules/networking/main.tf"/>
		<testcase name="[NONE][CKV_AWS_61] Ensure AWS IAM policy does not allow assume role permission across all services" classname="/modules/networking/main.tf.aws_iam_role.vpc_flow_logs[0]" file="/modules/networking/main.tf"/>
		<testcase name="[NONE][CKV_AWS_274] Disallow IAM roles, users, and groups from using the AWS AdministratorAccess policy" classname="/modules/networking/main.tf.aws_iam_role.vpc_flow_logs[0]" file="/modules/networking/main.tf"/>
		<testcase name="[NONE][CKV_AWS_393] Ensure AWS GitHub Actions OIDC authorization policies only allow safe claims and claim order on IAM role" classname="/modules/networking/main.tf.aws_iam_role.vpc_flow_logs[0]" file="/modules/networking/main.tf"/>
		<testcase name="[NONE][CKV_AWS_60] Ensure IAM role allows only specific services or principals to assume it" classname="/modules/networking/main.tf.aws_iam_role.vpc_flow_logs[0]" file="/modules/networking/main.tf"/>
		<testcase name="[NONE][CKV_AWS_287] Ensure IAM policies does not allow credentials exposure" classname="/modules/networking/main.tf.aws_iam_role_policy.vpc_flow_logs[0]" file="/modules/networking/main.tf"/>
		<testcase name="[NONE][CKV_AWS_62] Ensure IAM policies that allow full &quot;*-*&quot; administrative privileges are not created" classname="/modules/networking/main.tf.aws_iam_role_policy.vpc_flow_logs[0]" file="/modules/networking/main.tf"/>
		<testcase name="[NONE][CKV_AWS_355] Ensure no IAM policies documents allow &quot;*&quot; as a statement's resource for restrictable actions" classname="/modules/networking/main.tf.aws_iam_role_policy.vpc_flow_logs[0]" file="/modules/networking/main.tf"/>
		<testcase name="[NONE][CKV_AWS_289] Ensure IAM policies does not allow permissions management / resource exposure without constraints" classname="/modules/networking/main.tf.aws_iam_role_policy.vpc_flow_logs[0]" file="/modules/networking/main.tf"/>
		<testcase name="[NONE][CKV_AWS_286] Ensure IAM policies does not allow privilege escalation" classname="/modules/networking/main.tf.aws_iam_role_policy.vpc_flow_logs[0]" file="/modules/networking/main.tf"/>
		<testcase name="[NONE][CKV_AWS_63] Ensure no IAM policies documents allow &quot;*&quot; as a statement's actions" classname="/modules/networking/main.tf.aws_iam_role_policy.vpc_flow_logs[0]" file="/modules/networking/main.tf"/>
		<testcase name="[NONE][CKV_AWS_290] Ensure IAM policies does not allow write access without constraints" classname="/modules/networking/main.tf.aws_iam_role_policy.vpc_flow_logs[0]" file="/modules/networking/main.tf"/>
		<testcase name="[NONE][CKV_AWS_288] Ensure IAM policies does not allow data exfiltration" classname="/modules/networking/main.tf.aws_iam_role_policy.vpc_flow_logs[0]" file="/modules/networking/main.tf"/>
		<testcase name="[NONE][CKV_AWS_61] Ensure AWS IAM policy does not allow assume role permission across all services" classname="/modules/security/main.tf.module.security.aws_iam_role.lambda" file="/modules/security/main.tf"/>
		<testcase name="[NONE][CKV_AWS_274] Disallow IAM roles, users, and groups from using the AWS AdministratorAccess policy" classname="/modules/security/main.tf.module.security.aws_iam_role.lambda" file="/modules/security/main.tf"/>
		<testcase name="[NONE][CKV_AWS_393] Ensure AWS GitHub Actions OIDC authorization policies only allow safe claims and claim order on IAM role" classname="/modules/security/main.tf.module.security.aws_iam_role.lambda" file="/modules/security/main.tf"/>
		<testcase name="[NONE][CKV_AWS_60] Ensure IAM role allows only specific services or principals to assume it" classname="/modules/security/main.tf.module.security.aws_iam_role.lambda" file="/modules/security/main.tf"/>
		<testcase name="[NONE][CKV_AWS_287] Ensure IAM policies does not allow credentials exposure" classname="/modules/security/main.tf.module.security.aws_iam_role_policy.lambda_sqs" file="/modules/security/main.tf"/>
		<testcase name="[NONE][CKV_AWS_62] Ensure IAM policies that allow full &quot;*-*&quot; administrative privileges are not created" classname="/modules/security/main.tf.module.security.aws_iam_role_policy.lambda_sqs" file="/modules/security/main.tf"/>
		<testcase name="[NONE][CKV_AWS_289] Ensure IAM policies does not allow permissions management / resource exposure without constraints" classname="/modules/security/main.tf.module.security.aws_iam_role_policy.lambda_sqs" file="/modules/security/main.tf"/>
		<testcase name="[NONE][CKV_AWS_286] Ensure IAM policies does not allow privilege escalation" classname="/modules/security/main.tf.module.security.aws_iam_role_policy.lambda_sqs" file="/modules/security/main.tf"/>
		<testcase name="[NONE][CKV_AWS_63] Ensure no IAM policies documents allow &quot;*&quot; as a statement's actions" classname="/modules/security/main.tf.module.security.aws_iam_role_policy.lambda_sqs" file="/modules/security/main.tf"/>
		<testcase name="[NONE][CKV_AWS_288] Ensure IAM policies does not allow data exfiltration" classname="/modules/security/main.tf.module.security.aws_iam_role_policy.lambda_sqs" file="/modules/security/main.tf"/>
		<testcase name="[NONE][CKV2_AWS_73] Ensure AWS SQS uses CMK not AWS default keys for encryption" classname="/modules/events/main.tf.module.events.aws_sqs_queue.this" file="/modules/events/main.tf"/>
		<testcase name="[NONE][CKV2_AWS_56] Ensure AWS Managed IAMFullAccess IAM policy is not used." classname="/modules/cicd/main.tf.module.cicd.aws_iam_role.pipeline_role" file="/modules/cicd/main.tf"/>
		<testcase name="[NONE][CKV2_AWS_56] Ensure AWS Managed IAMFullAccess IAM policy is not used." classname="/modules/security/main.tf.module.security.aws_iam_role.lambda" file="/modules/security/main.tf"/>
		<testcase name="[NONE][CKV_AWS_20] S3 Bucket has an ACL defined which allows public READ access." classname="/modules/cicd/main.tf.module.cicd.aws_s3_bucket.artifacts" file="/modules/cicd/main.tf"/>
		<testcase name="[NONE][CKV_AWS_20] S3 Bucket has an ACL defined which allows public READ access." classname="/modules/database/main.tf.aws_s3_bucket.data_storage" file="/modules/database/main.tf"/>
		<testcase name="[NONE][CKV2_AWS_64] Ensure KMS key Policy is defined" classname="/modules/cicd/main.tf.module.cicd.aws_kms_key.codebuild_cmk" file="/modules/cicd/main.tf"/>
		<testcase name="[NONE][CKV2_AWS_40] Ensure AWS IAM policy does not allow full IAM privileges" classname="/modules/networking/main.tf.aws_iam_role_policy.vpc_flow_logs[0]" file="/modules/networking/main.tf"/>
		<testcase name="[NONE][CKV2_AWS_40] Ensure AWS IAM policy does not allow full IAM privileges" classname="/modules/security/main.tf.module.security.aws_iam_role_policy.lambda_sqs" file="/modules/security/main.tf"/>
		<testcase name="[NONE][CKV2_AWS_44] Ensure AWS route table with VPC peering does not contain routes overly permissive to all traffic" classname="/modules/networking/main.tf.aws_route_table.public" file="/modules/networking/main.tf"/>
		<testcase name="[NONE][CKV2_AWS_44] Ensure AWS route table with VPC peering does not contain routes overly permissive to all traffic" classname="/modules/networking/main.tf.aws_route_table.private" file="/modules/networking/main.tf"/>
		<testcase name="[NONE][CKV_AWS_57] S3 Bucket has an ACL defined which allows public WRITE access." classname="/modules/cicd/main.tf.module.cicd.aws_s3_bucket.artifacts" file="/modules/cicd/main.tf"/>
		<testcase name="[NONE][CKV_AWS_57] S3 Bucket has an ACL defined which allows public WRITE access." classname="/modules/database/main.tf.aws_s3_bucket.data_storage" file="/modules/database/main.tf"/>
		<testcase name="[NONE][CKV2_AWS_75] Ensure no open CORS policy" classname="/modules/compute/main.tf.module.compute.aws_lambda_function.this" file="/modules/compute/main.tf"/>
		<testcase name="[NONE][CKV2_AWS_75] Ensure no open CORS policy" classname="/modules/events/main.tf.module.events.aws_lambda_function.this" file="/modules/events/main.tf"/>
		<testcase name="[NONE][CKV2_AWS_11] Ensure VPC flow logging is enabled in all VPCs" classname="/modules/networking/main.tf.aws_vpc.this" file="/modules/networking/main.tf"/>
		<testcase name="[NONE][CKV_AWS_19] Ensure all data stored in the S3 bucket is securely encrypted at rest" classname="/modules/cicd/main.tf.module.cicd.aws_s3_bucket.artifacts" file="/modules/cicd/main.tf"/>
		<testcase name="[NONE][CKV_AWS_19] Ensure all data stored in the S3 bucket is securely encrypted at rest" classname="/modules/database/main.tf.aws_s3_bucket.data_storage" file="/modules/database/main.tf"/>
		<testcase name="[NONE][CKV2_AWS_35] AWS NAT Gateways should be utilized for the default route" classname="/modules/networking/main.tf.aws_route_table.public" file="/modules/networking/main.tf"/>
		<testcase name="[NONE][CKV2_AWS_35] AWS NAT Gateways should be utilized for the default route" classname="/modules/networking/main.tf.aws_route_table.private" file="/modules/networking/main.tf"/>
		<testcase name="[NONE][CKV_AWS_21] Ensure all data stored in the S3 bucket have versioning enabled" classname="/modules/database/main.tf.aws_s3_bucket.data_storage" file="/modules/database/main.tf"/>
		<testcase name="[NONE][CKV2_AWS_61] Ensure that an S3 bucket has a lifecycle configuration" classname="/modules/database/main.tf.aws_s3_bucket.data_storage" file="/modules/database/main.tf"/>
		<testcase name="[NONE][CKV2_AWS_6] Ensure that S3 bucket has a Public Access block" classname="/modules/database/main.tf.aws_s3_bucket.data_storage" file="/modules/database/main.tf"/>
		<testcase name="[NONE][CKV_AWS_116] Ensure that AWS Lambda function is configured for a Dead Letter Queue(DLQ)" classname="/modules/compute/main.tf.module.compute.aws_lambda_function.this" file="/modules/compute/main.tf">
			<failure type="failure" message="Ensure that AWS Lambda function is configured for a Dead Letter Queue(DLQ)">
Resource: module.compute.aws_lambda_function.this
File: /modules/compute/main.tf: 11-26
Guideline: https://docs.prismacloud.io/en/enterprise-edition/policy-reference/aws-policies/aws-general-policies/ensure-that-aws-lambda-function-is-configured-for-a-dead-letter-queue-dlq

		11 | resource &quot;aws_lambda_function&quot; &quot;this&quot; {
		12 |   filename         = var.lambda_zip_path
		13 |   function_name    = var.lambda_function_name != null ? var.lambda_function_name : &quot;${var.project_name}-function-${var.environment}&quot;
		14 |   role             = var.lambda_role_arn
		15 |   handler          = var.lambda_handler
		16 |   runtime          = var.lambda_runtime
		17 |   timeout          = var.lambda_timeout
		18 |   memory_size      = var.lambda_memory_size
		19 | 
		20 |   environment {
		21 |     variables = {
		22 |       SQS_QUEUE_URL = var.sqs_queue_url
		23 |       SNS_TOPIC_ARN = var.sns_topic_arn
		24 |     }
		25 |   }
		26 | }
</failure>
		</testcase>
		<testcase name="[NONE][CKV_AWS_173] Check encryption settings for Lambda environmental variable" classname="/modules/compute/main.tf.module.compute.aws_lambda_function.this" file="/modules/compute/main.tf">
			<failure type="failure" message="Check encryption settings for Lambda environmental variable">
Resource: module.compute.aws_lambda_function.this
File: /modules/compute/main.tf: 11-26
Guideline: https://docs.prismacloud.io/en/enterprise-edition/policy-reference/aws-policies/aws-serverless-policies/bc-aws-serverless-5

		11 | resource &quot;aws_lambda_function&quot; &quot;this&quot; {
		12 |   filename         = var.lambda_zip_path
		13 |   function_name    = var.lambda_function_name != null ? var.lambda_function_name : &quot;${var.project_name}-function-${var.environment}&quot;
		14 |   role             = var.lambda_role_arn
		15 |   handler          = var.lambda_handler
		16 |   runtime          = var.lambda_runtime
		17 |   timeout          = var.lambda_timeout
		18 |   memory_size      = var.lambda_memory_size
		19 | 
		20 |   environment {
		21 |     variables = {
		22 |       SQS_QUEUE_URL = var.sqs_queue_url
		23 |       SNS_TOPIC_ARN = var.sns_topic_arn
		24 |     }
		25 |   }
		26 | }
</failure>
		</testcase>
		<testcase name="[NONE][CKV_AWS_272] Ensure AWS Lambda function is configured to validate code-signing" classname="/modules/compute/main.tf.module.compute.aws_lambda_function.this" file="/modules/compute/main.tf">
			<failure type="failure" message="Ensure AWS Lambda function is configured to validate code-signing">
Resource: module.compute.aws_lambda_function.this
File: /modules/compute/main.tf: 11-26
Guideline: https://docs.prismacloud.io/en/enterprise-edition/policy-reference/aws-policies/aws-general-policies/bc-aws-272

		11 | resource &quot;aws_lambda_function&quot; &quot;this&quot; {
		12 |   filename         = var.lambda_zip_path
		13 |   function_name    = var.lambda_function_name != null ? var.lambda_function_name : &quot;${var.project_name}-function-${var.environment}&quot;
		14 |   role             = var.lambda_role_arn
		15 |   handler          = var.lambda_handler
		16 |   runtime          = var.lambda_runtime
		17 |   timeout          = var.lambda_timeout
		18 |   memory_size      = var.lambda_memory_size
		19 | 
		20 |   environment {
		21 |     variables = {
		22 |       SQS_QUEUE_URL = var.sqs_queue_url
		23 |       SNS_TOPIC_ARN = var.sns_topic_arn
		24 |     }
		25 |   }
		26 | }
</failure>
		</testcase>
		<testcase name="[NONE][CKV_AWS_115] Ensure that AWS Lambda function is configured for function-level concurrent execution limit" classname="/modules/compute/main.tf.module.compute.aws_lambda_function.this" file="/modules/compute/main.tf">
			<failure type="failure" message="Ensure that AWS Lambda function is configured for function-level concurrent execution limit">
Resource: module.compute.aws_lambda_function.this
File: /modules/compute/main.tf: 11-26
Guideline: https://docs.prismacloud.io/en/enterprise-edition/policy-reference/aws-policies/aws-general-policies/ensure-that-aws-lambda-function-is-configured-for-function-level-concurrent-execution-limit

		11 | resource &quot;aws_lambda_function&quot; &quot;this&quot; {
		12 |   filename         = var.lambda_zip_path
		13 |   function_name    = var.lambda_function_name != null ? var.lambda_function_name : &quot;${var.project_name}-function-${var.environment}&quot;
		14 |   role             = var.lambda_role_arn
		15 |   handler          = var.lambda_handler
		16 |   runtime          = var.lambda_runtime
		17 |   timeout          = var.lambda_timeout
		18 |   memory_size      = var.lambda_memory_size
		19 | 
		20 |   environment {
		21 |     variables = {
		22 |       SQS_QUEUE_URL = var.sqs_queue_url
		23 |       SNS_TOPIC_ARN = var.sns_topic_arn
		24 |     }
		25 |   }
		26 | }
</failure>
		</testcase>
		<testcase name="[NONE][CKV_AWS_117] Ensure that AWS Lambda function is configured inside a VPC" classname="/modules/compute/main.tf.module.compute.aws_lambda_function.this" file="/modules/compute/main.tf">
			<failure type="failure" message="Ensure that AWS Lambda function is configured inside a VPC">
Resource: module.compute.aws_lambda_function.this
File: /modules/compute/main.tf: 11-26
Guideline: https://docs.prismacloud.io/en/enterprise-edition/policy-reference/aws-policies/aws-general-policies/ensure-that-aws-lambda-function-is-configured-inside-a-vpc-1

		11 | resource &quot;aws_lambda_function&quot; &quot;this&quot; {
		12 |   filename         = var.lambda_zip_path
		13 |   function_name    = var.lambda_function_name != null ? var.lambda_function_name : &quot;${var.project_name}-function-${var.environment}&quot;
		14 |   role             = var.lambda_role_arn
		15 |   handler          = var.lambda_handler
		16 |   runtime          = var.lambda_runtime
		17 |   timeout          = var.lambda_timeout
		18 |   memory_size      = var.lambda_memory_size
		19 | 
		20 |   environment {
		21 |     variables = {
		22 |       SQS_QUEUE_URL = var.sqs_queue_url
		23 |       SNS_TOPIC_ARN = var.sns_topic_arn
		24 |     }
		25 |   }
		26 | }
</failure>
		</testcase>
		<testcase name="[NONE][CKV_AWS_363] Ensure Lambda Runtime is not deprecated" classname="/modules/compute/main.tf.module.compute.aws_lambda_function.this" file="/modules/compute/main.tf">
			<failure type="failure" message="Ensure Lambda Runtime is not deprecated">
Resource: module.compute.aws_lambda_function.this
File: /modules/compute/main.tf: 11-26
Guideline: https://docs.prismacloud.io/en/enterprise-edition/policy-reference/aws-policies/aws-general-policies/bc-aws-363

		11 | resource &quot;aws_lambda_function&quot; &quot;this&quot; {
		12 |   filename         = var.lambda_zip_path
		13 |   function_name    = var.lambda_function_name != null ? var.lambda_function_name : &quot;${var.project_name}-function-${var.environment}&quot;
		14 |   role             = var.lambda_role_arn
		15 |   handler          = var.lambda_handler
		16 |   runtime          = var.lambda_runtime
		17 |   timeout          = var.lambda_timeout
		18 |   memory_size      = var.lambda_memory_size
		19 | 
		20 |   environment {
		21 |     variables = {
		22 |       SQS_QUEUE_URL = var.sqs_queue_url
		23 |       SNS_TOPIC_ARN = var.sns_topic_arn
		24 |     }
		25 |   }
		26 | }
</failure>
		</testcase>
		<testcase name="[NONE][CKV_AWS_50] X-Ray tracing is enabled for Lambda" classname="/modules/compute/main.tf.module.compute.aws_lambda_function.this" file="/modules/compute/main.tf">
			<failure type="failure" message="X-Ray tracing is enabled for Lambda">
Resource: module.compute.aws_lambda_function.this
File: /modules/compute/main.tf: 11-26
Guideline: https://docs.prismacloud.io/en/enterprise-edition/policy-reference/aws-policies/aws-serverless-policies/bc-aws-serverless-4

		11 | resource &quot;aws_lambda_function&quot; &quot;this&quot; {
		12 |   filename         = var.lambda_zip_path
		13 |   function_name    = var.lambda_function_name != null ? var.lambda_function_name : &quot;${var.project_name}-function-${var.environment}&quot;
		14 |   role             = var.lambda_role_arn
		15 |   handler          = var.lambda_handler
		16 |   runtime          = var.lambda_runtime
		17 |   timeout          = var.lambda_timeout
		18 |   memory_size      = var.lambda_memory_size
		19 | 
		20 |   environment {
		21 |     variables = {
		22 |       SQS_QUEUE_URL = var.sqs_queue_url
		23 |       SNS_TOPIC_ARN = var.sns_topic_arn
		24 |     }
		25 |   }
		26 | }
</failure>
		</testcase>
		<testcase name="[NONE][CKV_AWS_162] Ensure RDS cluster has IAM authentication enabled" classname="/modules/database/main.tf.aws_rds_cluster.aurora_serverless" file="/modules/database/main.tf">
			<failure type="failure" message="Ensure RDS cluster has IAM authentication enabled">
Resource: aws_rds_cluster.aurora_serverless
File: /modules/database/main.tf: 57-104
Guideline: https://docs.prismacloud.io/en/enterprise-edition/policy-reference/aws-policies/aws-iam-policies/ensure-rds-cluster-has-iam-authentication-enabled

		57  | resource &quot;aws_rds_cluster&quot; &quot;aurora_serverless&quot; {
		58  |   cluster_identifier = &quot;seabook-aurora-${var.environment}&quot;
		59  |   engine             = &quot;aurora-mysql&quot;
		60  |   engine_version     = var.engine_version
		61  |   engine_mode        = &quot;provisioned&quot;
		62  | 
		63  |   database_name      = var.db_name
		64  |   master_username    = var.db_master_username
		65  |   master_password    = var.db_password
		66  | 
		67  |   vpc_security_group_ids              = [var.db_security_group_id]
		68  |   db_subnet_group_name                = aws_db_subnet_group.aurora.name
		69  |   db_cluster_parameter_group_name     = aws_rds_cluster_parameter_group.aurora.name
		70  | 
		71  |   # Serverless v2 scaling configuration
		72  |   serverlessv2_scaling_configuration {
		73  |     min_capacity = var.db_min_capacity
		74  |     max_capacity = var.db_max_capacity
		75  |   }
		76  | 
		77  |   # Alta disponibilidad Multi-AZ
		78  |   availability_zones = var.availability_zones
		79  | 
		80  |   # Backups y recuperación
		81  |   backup_retention_period       = var.db_backup_retention_period
		82  |   preferred_backup_window       = var.db_preferred_backup_window
		83  |   preferred_maintenance_window  = var.db_preferred_maintenance_window
		84  | 
		85  |   # Cifrado en reposo
		86  |   storage_encrypted = true
		87  |   kms_key_id        = var.kms_key_arn
		88  | 
		89  |   # Protección contra eliminación en producción
		90  |   deletion_protection = var.environment == &quot;prod&quot; ? true : false
		91  |   skip_final_snapshot = var.environment != &quot;prod&quot;
		92  | 
		93  |   # Performance Insights
		94  |   performance_insights_enabled = var.enable_performance_insights
		95  |   performance_insights_retention_period = var.environment == &quot;prod&quot; ? 31 : 7
		96  | 
		97  |   # Enabled CloudWatch logs
		98  |   enabled_cloudwatch_logs_exports = [&quot;audit&quot;, &quot;error&quot;, &quot;general&quot;, &quot;slowquery&quot;]
		99  | 
		100 |   tags = {
		101 |     Name        = &quot;seabook-aurora-cluster-${var.environment}&quot;
		102 |     Environment = var.environment
		103 |   }
		104 | }
</failure>
		</testcase>
		<testcase name="[NONE][CKV_AWS_139] Ensure that RDS clusters have deletion protection enabled" classname="/modules/database/main.tf.aws_rds_cluster.aurora_serverless" file="/modules/database/main.tf">
			<failure type="failure" message="Ensure that RDS clusters have deletion protection enabled">
Resource: aws_rds_cluster.aurora_serverless
File: /modules/database/main.tf: 57-104
Guideline: https://docs.prismacloud.io/en/enterprise-edition/policy-reference/aws-policies/aws-general-policies/ensure-that-rds-clusters-and-instances-have-deletion-protection-enabled

		57  | resource &quot;aws_rds_cluster&quot; &quot;aurora_serverless&quot; {
		58  |   cluster_identifier = &quot;seabook-aurora-${var.environment}&quot;
		59  |   engine             = &quot;aurora-mysql&quot;
		60  |   engine_version     = var.engine_version
		61  |   engine_mode        = &quot;provisioned&quot;
		62  | 
		63  |   database_name      = var.db_name
		64  |   master_username    = var.db_master_username
		65  |   master_password    = var.db_password
		66  | 
		67  |   vpc_security_group_ids              = [var.db_security_group_id]
		68  |   db_subnet_group_name                = aws_db_subnet_group.aurora.name
		69  |   db_cluster_parameter_group_name     = aws_rds_cluster_parameter_group.aurora.name
		70  | 
		71  |   # Serverless v2 scaling configuration
		72  |   serverlessv2_scaling_configuration {
		73  |     min_capacity = var.db_min_capacity
		74  |     max_capacity = var.db_max_capacity
		75  |   }
		76  | 
		77  |   # Alta disponibilidad Multi-AZ
		78  |   availability_zones = var.availability_zones
		79  | 
		80  |   # Backups y recuperación
		81  |   backup_retention_period       = var.db_backup_retention_period
		82  |   preferred_backup_window       = var.db_preferred_backup_window
		83  |   preferred_maintenance_window  = var.db_preferred_maintenance_window
		84  | 
		85  |   # Cifrado en reposo
		86  |   storage_encrypted = true
		87  |   kms_key_id        = var.kms_key_arn
		88  | 
		89  |   # Protección contra eliminación en producción
		90  |   deletion_protection = var.environment == &quot;prod&quot; ? true : false
		91  |   skip_final_snapshot = var.environment != &quot;prod&quot;
		92  | 
		93  |   # Performance Insights
		94  |   performance_insights_enabled = var.enable_performance_insights
		95  |   performance_insights_retention_period = var.environment == &quot;prod&quot; ? 31 : 7
		96  | 
		97  |   # Enabled CloudWatch logs
		98  |   enabled_cloudwatch_logs_exports = [&quot;audit&quot;, &quot;error&quot;, &quot;general&quot;, &quot;slowquery&quot;]
		99  | 
		100 |   tags = {
		101 |     Name        = &quot;seabook-aurora-cluster-${var.environment}&quot;
		102 |     Environment = var.environment
		103 |   }
		104 | }
</failure>
		</testcase>
		<testcase name="[NONE][CKV_AWS_326] Ensure that RDS Aurora Clusters have backtracking enabled" classname="/modules/database/main.tf.aws_rds_cluster.aurora_serverless" file="/modules/database/main.tf">
			<failure type="failure" message="Ensure that RDS Aurora Clusters have backtracking enabled">
Resource: aws_rds_cluster.aurora_serverless
File: /modules/database/main.tf: 57-104
Guideline: https://docs.prismacloud.io/en/enterprise-edition/policy-reference/aws-policies/aws-general-policies/bc-aws-326

		57  | resource &quot;aws_rds_cluster&quot; &quot;aurora_serverless&quot; {
		58  |   cluster_identifier = &quot;seabook-aurora-${var.environment}&quot;
		59  |   engine             = &quot;aurora-mysql&quot;
		60  |   engine_version     = var.engine_version
		61  |   engine_mode        = &quot;provisioned&quot;
		62  | 
		63  |   database_name      = var.db_name
		64  |   master_username    = var.db_master_username
		65  |   master_password    = var.db_password
		66  | 
		67  |   vpc_security_group_ids              = [var.db_security_group_id]
		68  |   db_subnet_group_name                = aws_db_subnet_group.aurora.name
		69  |   db_cluster_parameter_group_name     = aws_rds_cluster_parameter_group.aurora.name
		70  | 
		71  |   # Serverless v2 scaling configuration
		72  |   serverlessv2_scaling_configuration {
		73  |     min_capacity = var.db_min_capacity
		74  |     max_capacity = var.db_max_capacity
		75  |   }
		76  | 
		77  |   # Alta disponibilidad Multi-AZ
		78  |   availability_zones = var.availability_zones
		79  | 
		80  |   # Backups y recuperación
		81  |   backup_retention_period       = var.db_backup_retention_period
		82  |   preferred_backup_window       = var.db_preferred_backup_window
		83  |   preferred_maintenance_window  = var.db_preferred_maintenance_window
		84  | 
		85  |   # Cifrado en reposo
		86  |   storage_encrypted = true
		87  |   kms_key_id        = var.kms_key_arn
		88  | 
		89  |   # Protección contra eliminación en producción
		90  |   deletion_protection = var.environment == &quot;prod&quot; ? true : false
		91  |   skip_final_snapshot = var.environment != &quot;prod&quot;
		92  | 
		93  |   # Performance Insights
		94  |   performance_insights_enabled = var.enable_performance_insights
		95  |   performance_insights_retention_period = var.environment == &quot;prod&quot; ? 31 : 7
		96  | 
		97  |   # Enabled CloudWatch logs
		98  |   enabled_cloudwatch_logs_exports = [&quot;audit&quot;, &quot;error&quot;, &quot;general&quot;, &quot;slowquery&quot;]
		99  | 
		100 |   tags = {
		101 |     Name        = &quot;seabook-aurora-cluster-${var.environment}&quot;
		102 |     Environment = var.environment
		103 |   }
		104 | }
</failure>
		</testcase>
		<testcase name="[NONE][CKV_AWS_313] Ensure RDS cluster configured to copy tags to snapshots" classname="/modules/database/main.tf.aws_rds_cluster.aurora_serverless" file="/modules/database/main.tf">
			<failure type="failure" message="Ensure RDS cluster configured to copy tags to snapshots">
Resource: aws_rds_cluster.aurora_serverless
File: /modules/database/main.tf: 57-104
Guideline: https://docs.prismacloud.io/en/enterprise-edition/policy-reference/aws-policies/aws-general-policies/bc-aws-313

		57  | resource &quot;aws_rds_cluster&quot; &quot;aurora_serverless&quot; {
		58  |   cluster_identifier = &quot;seabook-aurora-${var.environment}&quot;
		59  |   engine             = &quot;aurora-mysql&quot;
		60  |   engine_version     = var.engine_version
		61  |   engine_mode        = &quot;provisioned&quot;
		62  | 
		63  |   database_name      = var.db_name
		64  |   master_username    = var.db_master_username
		65  |   master_password    = var.db_password
		66  | 
		67  |   vpc_security_group_ids              = [var.db_security_group_id]
		68  |   db_subnet_group_name                = aws_db_subnet_group.aurora.name
		69  |   db_cluster_parameter_group_name     = aws_rds_cluster_parameter_group.aurora.name
		70  | 
		71  |   # Serverless v2 scaling configuration
		72  |   serverlessv2_scaling_configuration {
		73  |     min_capacity = var.db_min_capacity
		74  |     max_capacity = var.db_max_capacity
		75  |   }
		76  | 
		77  |   # Alta disponibilidad Multi-AZ
		78  |   availability_zones = var.availability_zones
		79  | 
		80  |   # Backups y recuperación
		81  |   backup_retention_period       = var.db_backup_retention_period
		82  |   preferred_backup_window       = var.db_preferred_backup_window
		83  |   preferred_maintenance_window  = var.db_preferred_maintenance_window
		84  | 
		85  |   # Cifrado en reposo
		86  |   storage_encrypted = true
		87  |   kms_key_id        = var.kms_key_arn
		88  | 
		89  |   # Protección contra eliminación en producción
		90  |   deletion_protection = var.environment == &quot;prod&quot; ? true : false
		91  |   skip_final_snapshot = var.environment != &quot;prod&quot;
		92  | 
		93  |   # Performance Insights
		94  |   performance_insights_enabled = var.enable_performance_insights
		95  |   performance_insights_retention_period = var.environment == &quot;prod&quot; ? 31 : 7
		96  | 
		97  |   # Enabled CloudWatch logs
		98  |   enabled_cloudwatch_logs_exports = [&quot;audit&quot;, &quot;error&quot;, &quot;general&quot;, &quot;slowquery&quot;]
		99  | 
		100 |   tags = {
		101 |     Name        = &quot;seabook-aurora-cluster-${var.environment}&quot;
		102 |     Environment = var.environment
		103 |   }
		104 | }
</failure>
		</testcase>
		<testcase name="[NONE][CKV_AWS_353] Ensure that RDS instances have performance insights enabled" classname="/modules/database/main.tf.aws_rds_cluster_instance.aurora_instance[0]" file="/modules/database/main.tf">
			<failure type="failure" message="Ensure that RDS instances have performance insights enabled">
Resource: aws_rds_cluster_instance.aurora_instance[0]
File: /modules/database/main.tf: 107-123
Guideline: https://docs.prismacloud.io/en/enterprise-edition/policy-reference/aws-policies/aws-logging-policies/bc-aws-353

		107 | resource &quot;aws_rds_cluster_instance&quot; &quot;aurora_instance&quot; {
		108 |   count = var.db_instance_count
		109 | 
		110 |   identifier         = &quot;seabook-aurora-instance-${count.index + 1}-${var.environment}&quot;
		111 |   cluster_identifier = aws_rds_cluster.aurora_serverless.id
		112 |   instance_class     = &quot;db.serverless&quot;
		113 |   engine             = aws_rds_cluster.aurora_serverless.engine
		114 |   engine_version     = aws_rds_cluster.aurora_serverless.engine_version
		115 | 
		116 |   auto_minor_version_upgrade = true
		117 |   promotion_tier             = count.index + 1
		118 | 
		119 |   tags = {
		120 |     Name        = &quot;seabook-aurora-instance-${count.index + 1}-${var.environment}&quot;
		121 |     Environment = var.environment
		122 |   }
		123 | }
</failure>
		</testcase>
		<testcase name="[NONE][CKV_AWS_118] Ensure that enhanced monitoring is enabled for Amazon RDS instances" classname="/modules/database/main.tf.aws_rds_cluster_instance.aurora_instance[0]" file="/modules/database/main.tf">
			<failure type="failure" message="Ensure that enhanced monitoring is enabled for Amazon RDS instances">
Resource: aws_rds_cluster_instance.aurora_instance[0]
File: /modules/database/main.tf: 107-123
Guideline: https://docs.prismacloud.io/en/enterprise-edition/policy-reference/aws-policies/aws-logging-policies/ensure-that-enhanced-monitoring-is-enabled-for-amazon-rds-instances

		107 | resource &quot;aws_rds_cluster_instance&quot; &quot;aurora_instance&quot; {
		108 |   count = var.db_instance_count
		109 | 
		110 |   identifier         = &quot;seabook-aurora-instance-${count.index + 1}-${var.environment}&quot;
		111 |   cluster_identifier = aws_rds_cluster.aurora_serverless.id
		112 |   instance_class     = &quot;db.serverless&quot;
		113 |   engine             = aws_rds_cluster.aurora_serverless.engine
		114 |   engine_version     = aws_rds_cluster.aurora_serverless.engine_version
		115 | 
		116 |   auto_minor_version_upgrade = true
		117 |   promotion_tier             = count.index + 1
		118 | 
		119 |   tags = {
		120 |     Name        = &quot;seabook-aurora-instance-${count.index + 1}-${var.environment}&quot;
		121 |     Environment = var.environment
		122 |   }
		123 | }
</failure>
		</testcase>
		<testcase name="[NONE][CKV_AWS_300] Ensure S3 lifecycle configuration sets period for aborting failed uploads" classname="/modules/database/main.tf.aws_s3_bucket_lifecycle_configuration.storage_lifecycle" file="/modules/database/main.tf">
			<failure type="failure" message="Ensure S3 lifecycle configuration sets period for aborting failed uploads">
Resource: aws_s3_bucket_lifecycle_configuration.storage_lifecycle
File: /modules/database/main.tf: 171-196
Guideline: https://docs.prismacloud.io/en/enterprise-edition/policy-reference/aws-policies/aws-general-policies/bc-aws-300

		171 | resource &quot;aws_s3_bucket_lifecycle_configuration&quot; &quot;storage_lifecycle&quot; {
		172 |   bucket = aws_s3_bucket.data_storage.id
		173 | 
		174 |   rule {
		175 |     id     = &quot;archive-old-files&quot;
		176 |     status = &quot;Enabled&quot;
		177 | 
		178 |     filter {}
		179 | 
		180 |     transition {
		181 |       days          = var.s3_transition_days
		182 |       storage_class = &quot;GLACIER&quot;
		183 |     }
		184 |   }
		185 | 
		186 |   rule {
		187 |     id     = &quot;delete-old-versions&quot;
		188 |     status = &quot;Enabled&quot;
		189 | 
		190 |     filter {}
		191 | 
		192 |     noncurrent_version_expiration {
		193 |       noncurrent_days = var.s3_noncurrent_version_expiration_days
		194 |     }
		195 |   }
		196 | }
</failure>
		</testcase>
		<testcase name="[NONE][CKV_AWS_353] Ensure that RDS instances have performance insights enabled" classname="/modules/database/main.tf.aws_rds_cluster_instance.aurora_instance[1]" file="/modules/database/main.tf">
			<failure type="failure" message="Ensure that RDS instances have performance insights enabled">
Resource: aws_rds_cluster_instance.aurora_instance[1]
File: /modules/database/main.tf: 107-123
Guideline: https://docs.prismacloud.io/en/enterprise-edition/policy-reference/aws-policies/aws-logging-policies/bc-aws-353

		107 | resource &quot;aws_rds_cluster_instance&quot; &quot;aurora_instance&quot; {
		108 |   count = var.db_instance_count
		109 | 
		110 |   identifier         = &quot;seabook-aurora-instance-${count.index + 1}-${var.environment}&quot;
		111 |   cluster_identifier = aws_rds_cluster.aurora_serverless.id
		112 |   instance_class     = &quot;db.serverless&quot;
		113 |   engine             = aws_rds_cluster.aurora_serverless.engine
		114 |   engine_version     = aws_rds_cluster.aurora_serverless.engine_version
		115 | 
		116 |   auto_minor_version_upgrade = true
		117 |   promotion_tier             = count.index + 1
		118 | 
		119 |   tags = {
		120 |     Name        = &quot;seabook-aurora-instance-${count.index + 1}-${var.environment}&quot;
		121 |     Environment = var.environment
		122 |   }
		123 | }
</failure>
		</testcase>
		<testcase name="[NONE][CKV_AWS_118] Ensure that enhanced monitoring is enabled for Amazon RDS instances" classname="/modules/database/main.tf.aws_rds_cluster_instance.aurora_instance[1]" file="/modules/database/main.tf">
			<failure type="failure" message="Ensure that enhanced monitoring is enabled for Amazon RDS instances">
Resource: aws_rds_cluster_instance.aurora_instance[1]
File: /modules/database/main.tf: 107-123
Guideline: https://docs.prismacloud.io/en/enterprise-edition/policy-reference/aws-policies/aws-logging-policies/ensure-that-enhanced-monitoring-is-enabled-for-amazon-rds-instances

		107 | resource &quot;aws_rds_cluster_instance&quot; &quot;aurora_instance&quot; {
		108 |   count = var.db_instance_count
		109 | 
		110 |   identifier         = &quot;seabook-aurora-instance-${count.index + 1}-${var.environment}&quot;
		111 |   cluster_identifier = aws_rds_cluster.aurora_serverless.id
		112 |   instance_class     = &quot;db.serverless&quot;
		113 |   engine             = aws_rds_cluster.aurora_serverless.engine
		114 |   engine_version     = aws_rds_cluster.aurora_serverless.engine_version
		115 | 
		116 |   auto_minor_version_upgrade = true
		117 |   promotion_tier             = count.index + 1
		118 | 
		119 |   tags = {
		120 |     Name        = &quot;seabook-aurora-instance-${count.index + 1}-${var.environment}&quot;
		121 |     Environment = var.environment
		122 |   }
		123 | }
</failure>
		</testcase>
		<testcase name="[NONE][CKV_AWS_26] Ensure all data stored in the SNS topic is encrypted" classname="/modules/events/main.tf.module.events.aws_sns_topic.this" file="/modules/events/main.tf">
			<failure type="failure" message="Ensure all data stored in the SNS topic is encrypted">
Resource: module.events.aws_sns_topic.this
File: /modules/events/main.tf: 24-27
Guideline: https://docs.prismacloud.io/en/enterprise-edition/policy-reference/aws-policies/aws-general-policies/general-15

		24 | resource &quot;aws_sns_topic&quot; &quot;this&quot; {
		25 |   name         = &quot;Dermatologia_Probando.fifo&quot;
		26 |   fifo_topic   = true  # ← IMPORTANTE: es FIFO!
		27 | }
</failure>
		</testcase>
		<testcase name="[NONE][CKV_AWS_27] Ensure all data stored in the SQS queue is encrypted" classname="/modules/events/main.tf.module.events.aws_sqs_queue.this" file="/modules/events/main.tf">
			<failure type="failure" message="Ensure all data stored in the SQS queue is encrypted">
Resource: module.events.aws_sqs_queue.this
File: /modules/events/main.tf: 32-38
Guideline: https://docs.prismacloud.io/en/enterprise-edition/policy-reference/aws-policies/aws-general-policies/general-16-encrypt-sqs-queue

		32 | resource &quot;aws_sqs_queue&quot; &quot;this&quot; {
		33 |   name = &quot;Dermatologia.fifo&quot;  # Si el SNS es FIFO, la cola debe ser FIFO
		34 |   fifo_queue = true  # ← Necesario para SNS FIFO
		35 |   
		36 |   # Configuraciones recomendadas para FIFO
		37 |   content_based_deduplication = true
		38 | }
</failure>
		</testcase>
		<testcase name="[NONE][CKV_AWS_116] Ensure that AWS Lambda function is configured for a Dead Letter Queue(DLQ)" classname="/modules/events/main.tf.module.events.aws_lambda_function.this" file="/modules/events/main.tf">
			<failure type="failure" message="Ensure that AWS Lambda function is configured for a Dead Letter Queue(DLQ)">
Resource: module.events.aws_lambda_function.this
File: /modules/events/main.tf: 111-126
Guideline: https://docs.prismacloud.io/en/enterprise-edition/policy-reference/aws-policies/aws-general-policies/ensure-that-aws-lambda-function-is-configured-for-a-dead-letter-queue-dlq

		111 | resource &quot;aws_lambda_function&quot; &quot;this&quot; {
		112 |   filename         = var.lambda_zip_path
		113 |   function_name    = &quot;Dermatologia_Reverva_de_Cita&quot;  # Nombre exacto de tu Lambda
		114 |   role             = data.aws_iam_role.lambda.arn
		115 |   handler          = var.lambda_handler
		116 |   runtime          = var.lambda_runtime
		117 |   timeout          = var.lambda_timeout
		118 |   memory_size      = var.lambda_memory_size
		119 | 
		120 |   environment {
		121 |     variables = {
		122 |       SQS_QUEUE_URL = data.aws_sqs_queue.existing.url
		123 |       SNS_TOPIC_ARN = data.aws_sns_topic.existing.arn
		124 |     }
		125 |   }
		126 | }
</failure>
		</testcase>
		<testcase name="[NONE][CKV_AWS_173] Check encryption settings for Lambda environmental variable" classname="/modules/events/main.tf.module.events.aws_lambda_function.this" file="/modules/events/main.tf">
			<failure type="failure" message="Check encryption settings for Lambda environmental variable">
Resource: module.events.aws_lambda_function.this
File: /modules/events/main.tf: 111-126
Guideline: https://docs.prismacloud.io/en/enterprise-edition/policy-reference/aws-policies/aws-serverless-policies/bc-aws-serverless-5

		111 | resource &quot;aws_lambda_function&quot; &quot;this&quot; {
		112 |   filename         = var.lambda_zip_path
		113 |   function_name    = &quot;Dermatologia_Reverva_de_Cita&quot;  # Nombre exacto de tu Lambda
		114 |   role             = data.aws_iam_role.lambda.arn
		115 |   handler          = var.lambda_handler
		116 |   runtime          = var.lambda_runtime
		117 |   timeout          = var.lambda_timeout
		118 |   memory_size      = var.lambda_memory_size
		119 | 
		120 |   environment {
		121 |     variables = {
		122 |       SQS_QUEUE_URL = data.aws_sqs_queue.existing.url
		123 |       SNS_TOPIC_ARN = data.aws_sns_topic.existing.arn
		124 |     }
		125 |   }
		126 | }
</failure>
		</testcase>
		<testcase name="[NONE][CKV_AWS_272] Ensure AWS Lambda function is configured to validate code-signing" classname="/modules/events/main.tf.module.events.aws_lambda_function.this" file="/modules/events/main.tf">
			<failure type="failure" message="Ensure AWS Lambda function is configured to validate code-signing">
Resource: module.events.aws_lambda_function.this
File: /modules/events/main.tf: 111-126
Guideline: https://docs.prismacloud.io/en/enterprise-edition/policy-reference/aws-policies/aws-general-policies/bc-aws-272

		111 | resource &quot;aws_lambda_function&quot; &quot;this&quot; {
		112 |   filename         = var.lambda_zip_path
		113 |   function_name    = &quot;Dermatologia_Reverva_de_Cita&quot;  # Nombre exacto de tu Lambda
		114 |   role             = data.aws_iam_role.lambda.arn
		115 |   handler          = var.lambda_handler
		116 |   runtime          = var.lambda_runtime
		117 |   timeout          = var.lambda_timeout
		118 |   memory_size      = var.lambda_memory_size
		119 | 
		120 |   environment {
		121 |     variables = {
		122 |       SQS_QUEUE_URL = data.aws_sqs_queue.existing.url
		123 |       SNS_TOPIC_ARN = data.aws_sns_topic.existing.arn
		124 |     }
		125 |   }
		126 | }
</failure>
		</testcase>
		<testcase name="[NONE][CKV_AWS_115] Ensure that AWS Lambda function is configured for function-level concurrent execution limit" classname="/modules/events/main.tf.module.events.aws_lambda_function.this" file="/modules/events/main.tf">
			<failure type="failure" message="Ensure that AWS Lambda function is configured for function-level concurrent execution limit">
Resource: module.events.aws_lambda_function.this
File: /modules/events/main.tf: 111-126
Guideline: https://docs.prismacloud.io/en/enterprise-edition/policy-reference/aws-policies/aws-general-policies/ensure-that-aws-lambda-function-is-configured-for-function-level-concurrent-execution-limit

		111 | resource &quot;aws_lambda_function&quot; &quot;this&quot; {
		112 |   filename         = var.lambda_zip_path
		113 |   function_name    = &quot;Dermatologia_Reverva_de_Cita&quot;  # Nombre exacto de tu Lambda
		114 |   role             = data.aws_iam_role.lambda.arn
		115 |   handler          = var.lambda_handler
		116 |   runtime          = var.lambda_runtime
		117 |   timeout          = var.lambda_timeout
		118 |   memory_size      = var.lambda_memory_size
		119 | 
		120 |   environment {
		121 |     variables = {
		122 |       SQS_QUEUE_URL = data.aws_sqs_queue.existing.url
		123 |       SNS_TOPIC_ARN = data.aws_sns_topic.existing.arn
		124 |     }
		125 |   }
		126 | }
</failure>
		</testcase>
		<testcase name="[NONE][CKV_AWS_117] Ensure that AWS Lambda function is configured inside a VPC" classname="/modules/events/main.tf.module.events.aws_lambda_function.this" file="/modules/events/main.tf">
			<failure type="failure" message="Ensure that AWS Lambda function is configured inside a VPC">
Resource: module.events.aws_lambda_function.this
File: /modules/events/main.tf: 111-126
Guideline: https://docs.prismacloud.io/en/enterprise-edition/policy-reference/aws-policies/aws-general-policies/ensure-that-aws-lambda-function-is-configured-inside-a-vpc-1

		111 | resource &quot;aws_lambda_function&quot; &quot;this&quot; {
		112 |   filename         = var.lambda_zip_path
		113 |   function_name    = &quot;Dermatologia_Reverva_de_Cita&quot;  # Nombre exacto de tu Lambda
		114 |   role             = data.aws_iam_role.lambda.arn
		115 |   handler          = var.lambda_handler
		116 |   runtime          = var.lambda_runtime
		117 |   timeout          = var.lambda_timeout
		118 |   memory_size      = var.lambda_memory_size
		119 | 
		120 |   environment {
		121 |     variables = {
		122 |       SQS_QUEUE_URL = data.aws_sqs_queue.existing.url
		123 |       SNS_TOPIC_ARN = data.aws_sns_topic.existing.arn
		124 |     }
		125 |   }
		126 | }
</failure>
		</testcase>
		<testcase name="[NONE][CKV_AWS_363] Ensure Lambda Runtime is not deprecated" classname="/modules/events/main.tf.module.events.aws_lambda_function.this" file="/modules/events/main.tf">
			<failure type="failure" message="Ensure Lambda Runtime is not deprecated">
Resource: module.events.aws_lambda_function.this
File: /modules/events/main.tf: 111-126
Guideline: https://docs.prismacloud.io/en/enterprise-edition/policy-reference/aws-policies/aws-general-policies/bc-aws-363

		111 | resource &quot;aws_lambda_function&quot; &quot;this&quot; {
		112 |   filename         = var.lambda_zip_path
		113 |   function_name    = &quot;Dermatologia_Reverva_de_Cita&quot;  # Nombre exacto de tu Lambda
		114 |   role             = data.aws_iam_role.lambda.arn
		115 |   handler          = var.lambda_handler
		116 |   runtime          = var.lambda_runtime
		117 |   timeout          = var.lambda_timeout
		118 |   memory_size      = var.lambda_memory_size
		119 | 
		120 |   environment {
		121 |     variables = {
		122 |       SQS_QUEUE_URL = data.aws_sqs_queue.existing.url
		123 |       SNS_TOPIC_ARN = data.aws_sns_topic.existing.arn
		124 |     }
		125 |   }
		126 | }
</failure>
		</testcase>
		<testcase name="[NONE][CKV_AWS_50] X-Ray tracing is enabled for Lambda" classname="/modules/events/main.tf.module.events.aws_lambda_function.this" file="/modules/events/main.tf">
			<failure type="failure" message="X-Ray tracing is enabled for Lambda">
Resource: module.events.aws_lambda_function.this
File: /modules/events/main.tf: 111-126
Guideline: https://docs.prismacloud.io/en/enterprise-edition/policy-reference/aws-policies/aws-serverless-policies/bc-aws-serverless-4

		111 | resource &quot;aws_lambda_function&quot; &quot;this&quot; {
		112 |   filename         = var.lambda_zip_path
		113 |   function_name    = &quot;Dermatologia_Reverva_de_Cita&quot;  # Nombre exacto de tu Lambda
		114 |   role             = data.aws_iam_role.lambda.arn
		115 |   handler          = var.lambda_handler
		116 |   runtime          = var.lambda_runtime
		117 |   timeout          = var.lambda_timeout
		118 |   memory_size      = var.lambda_memory_size
		119 | 
		120 |   environment {
		121 |     variables = {
		122 |       SQS_QUEUE_URL = data.aws_sqs_queue.existing.url
		123 |       SNS_TOPIC_ARN = data.aws_sns_topic.existing.arn
		124 |     }
		125 |   }
		126 | }
</failure>
		</testcase>
		<testcase name="[NONE][CKV_AWS_260] Ensure no security groups allow ingress from 0.0.0.0:0 to port 80" classname="/modules/networking/main.tf.aws_security_group.alb" file="/modules/networking/main.tf">
			<failure type="failure" message="Ensure no security groups allow ingress from 0.0.0.0:0 to port 80">
Resource: aws_security_group.alb
File: /modules/networking/main.tf: 148-181
Guideline: https://docs.prismacloud.io/en/enterprise-edition/policy-reference/aws-policies/aws-networking-policies/ensure-aws-security-groups-do-not-allow-ingress-from-00000-to-port-80

		148 | resource &quot;aws_security_group&quot; &quot;alb&quot; {
		149 |   name        = &quot;seabook-alb-sg-${var.environment}&quot;
		150 |   vpc_id      = aws_vpc.this.id
		151 |   description = &quot;Permite tráfico HTTP y HTTPS desde internet&quot;
		152 | 
		153 |   ingress {
		154 |     from_port   = 80
		155 |     to_port     = 80
		156 |     protocol    = &quot;tcp&quot;
		157 |     cidr_blocks = [&quot;0.0.0.0/0&quot;]
		158 |     description = &quot;HTTP desde internet&quot;
		159 |   }
		160 | 
		161 |   ingress {
		162 |     from_port   = 443
		163 |     to_port     = 443
		164 |     protocol    = &quot;tcp&quot;
		165 |     cidr_blocks = [&quot;0.0.0.0/0&quot;]
		166 |     description = &quot;HTTPS desde internet&quot;
		167 |   }
		168 | 
		169 |   egress {
		170 |     from_port   = 0
		171 |     to_port     = 0
		172 |     protocol    = &quot;-1&quot;
		173 |     cidr_blocks = [&quot;0.0.0.0/0&quot;]
		174 |     description = &quot;Todo el tráfico saliente&quot;
		175 |   }
		176 | 
		177 |   tags = {
		178 |     Name        = &quot;seabook-alb-sg-${var.environment}&quot;
		179 |     Environment = var.environment
		180 |   }
		181 | }
</failure>
		</testcase>
		<testcase name="[NONE][CKV_AWS_382] Ensure no security groups allow egress from 0.0.0.0:0 to port -1" classname="/modules/networking/main.tf.aws_security_group.alb" file="/modules/networking/main.tf">
			<failure type="failure" message="Ensure no security groups allow egress from 0.0.0.0:0 to port -1">
Resource: aws_security_group.alb
File: /modules/networking/main.tf: 148-181
Guideline: https://docs.prismacloud.io/en/enterprise-edition/policy-reference/aws-policies/aws-networking-policies/bc-aws-382

		148 | resource &quot;aws_security_group&quot; &quot;alb&quot; {
		149 |   name        = &quot;seabook-alb-sg-${var.environment}&quot;
		150 |   vpc_id      = aws_vpc.this.id
		151 |   description = &quot;Permite tráfico HTTP y HTTPS desde internet&quot;
		152 | 
		153 |   ingress {
		154 |     from_port   = 80
		155 |     to_port     = 80
		156 |     protocol    = &quot;tcp&quot;
		157 |     cidr_blocks = [&quot;0.0.0.0/0&quot;]
		158 |     description = &quot;HTTP desde internet&quot;
		159 |   }
		160 | 
		161 |   ingress {
		162 |     from_port   = 443
		163 |     to_port     = 443
		164 |     protocol    = &quot;tcp&quot;
		165 |     cidr_blocks = [&quot;0.0.0.0/0&quot;]
		166 |     description = &quot;HTTPS desde internet&quot;
		167 |   }
		168 | 
		169 |   egress {
		170 |     from_port   = 0
		171 |     to_port     = 0
		172 |     protocol    = &quot;-1&quot;
		173 |     cidr_blocks = [&quot;0.0.0.0/0&quot;]
		174 |     description = &quot;Todo el tráfico saliente&quot;
		175 |   }
		176 | 
		177 |   tags = {
		178 |     Name        = &quot;seabook-alb-sg-${var.environment}&quot;
		179 |     Environment = var.environment
		180 |   }
		181 | }
</failure>
		</testcase>
		<testcase name="[NONE][CKV_AWS_382] Ensure no security groups allow egress from 0.0.0.0:0 to port -1" classname="/modules/networking/main.tf.aws_security_group.ecs" file="/modules/networking/main.tf">
			<failure type="failure" message="Ensure no security groups allow egress from 0.0.0.0:0 to port -1">
Resource: aws_security_group.ecs
File: /modules/networking/main.tf: 184-209
Guideline: https://docs.prismacloud.io/en/enterprise-edition/policy-reference/aws-policies/aws-networking-policies/bc-aws-382

		184 | resource &quot;aws_security_group&quot; &quot;ecs&quot; {
		185 |   name        = &quot;seabook-ecs-sg-${var.environment}&quot;
		186 |   vpc_id      = aws_vpc.this.id
		187 |   description = &quot;Permite tráfico solo desde el ALB&quot;
		188 | 
		189 |   ingress {
		190 |     from_port       = 80
		191 |     to_port         = 80
		192 |     protocol        = &quot;tcp&quot;
		193 |     security_groups = [aws_security_group.alb.id]
		194 |     description     = &quot;Tráfico desde el ALB&quot;
		195 |   }
		196 | 
		197 |   egress {
		198 |     from_port   = 0
		199 |     to_port     = 0
		200 |     protocol    = &quot;-1&quot;
		201 |     cidr_blocks = [&quot;0.0.0.0/0&quot;]
		202 |     description = &quot;Todo el tráfico saliente&quot;
		203 |   }
		204 | 
		205 |   tags = {
		206 |     Name        = &quot;seabook-ecs-sg-${var.environment}&quot;
		207 |     Environment = var.environment
		208 |   }
		209 | }
</failure>
		</testcase>
		<testcase name="[NONE][CKV_AWS_382] Ensure no security groups allow egress from 0.0.0.0:0 to port -1" classname="/modules/networking/main.tf.aws_security_group.rds" file="/modules/networking/main.tf">
			<failure type="failure" message="Ensure no security groups allow egress from 0.0.0.0:0 to port -1">
Resource: aws_security_group.rds
File: /modules/networking/main.tf: 212-249
Guideline: https://docs.prismacloud.io/en/enterprise-edition/policy-reference/aws-policies/aws-networking-policies/bc-aws-382

		212 | resource &quot;aws_security_group&quot; &quot;rds&quot; {
		213 |   name        = &quot;seabook-rds-sg-${var.environment}&quot;
		214 |   vpc_id      = aws_vpc.this.id
		215 |   description = &quot;Permite tráfico desde los microservicios ECS hacia Aurora&quot;
		216 | 
		217 |   ingress {
		218 |     from_port       = 3306
		219 |     to_port         = 3306
		220 |     protocol        = &quot;tcp&quot;
		221 |     security_groups = [aws_security_group.ecs.id]
		222 |     description     = &quot;MySQL/Aurora desde ECS&quot;
		223 |   }
		224 | 
		225 |   # Reglas opcionales para acceso administrativo
		226 |   dynamic &quot;ingress&quot; {
		227 |     for_each = var.allowed_admin_cidrs
		228 |     content {
		229 |       from_port   = 3306
		230 |       to_port     = 3306
		231 |       protocol    = &quot;tcp&quot;
		232 |       cidr_blocks = [ingress.value]
		233 |       description = &quot;Acceso administrativo desde IPs autorizadas&quot;
		234 |     }
		235 |   }
		236 | 
		237 |   egress {
		238 |     from_port   = 0
		239 |     to_port     = 0
		240 |     protocol    = &quot;-1&quot;
		241 |     cidr_blocks = [&quot;0.0.0.0/0&quot;]
		242 |     description = &quot;Todo el tráfico saliente&quot;
		243 |   }
		244 | 
		245 |   tags = {
		246 |     Name        = &quot;seabook-rds-sg-${var.environment}&quot;
		247 |     Environment = var.environment
		248 |   }
		249 | }
</failure>
		</testcase>
		<testcase name="[NONE][CKV_AWS_158] Ensure that CloudWatch Log Group is encrypted by KMS" classname="/modules/networking/main.tf.aws_cloudwatch_log_group.vpc_flow_logs[0]" file="/modules/networking/main.tf">
			<failure type="failure" message="Ensure that CloudWatch Log Group is encrypted by KMS">
Resource: aws_cloudwatch_log_group.vpc_flow_logs[0]
File: /modules/networking/main.tf: 254-264
Guideline: https://docs.prismacloud.io/en/enterprise-edition/policy-reference/aws-policies/aws-general-policies/ensure-that-cloudwatch-log-group-is-encrypted-by-kms

		254 | resource &quot;aws_cloudwatch_log_group&quot; &quot;vpc_flow_logs&quot; {
		255 |   count = var.enable_vpc_flow_logs ? 1 : 0
		256 | 
		257 |   name              = &quot;/aws/vpc/seabook-flow-logs-${var.environment}&quot;
		258 |   retention_in_days = var.vpc_flow_logs_retention
		259 | 
		260 |   tags = {
		261 |     Name        = &quot;seabook-flow-logs-${var.environment}&quot;
		262 |     Environment = var.environment
		263 |   }
		264 | }
</failure>
		</testcase>
		<testcase name="[NONE][CKV_AWS_338] Ensure CloudWatch log groups retains logs for at least 1 year" classname="/modules/networking/main.tf.aws_cloudwatch_log_group.vpc_flow_logs[0]" file="/modules/networking/main.tf">
			<failure type="failure" message="Ensure CloudWatch log groups retains logs for at least 1 year">
Resource: aws_cloudwatch_log_group.vpc_flow_logs[0]
File: /modules/networking/main.tf: 254-264
Guideline: https://docs.prismacloud.io/en/enterprise-edition/policy-reference/aws-policies/aws-logging-policies/bc-aws-338

		254 | resource &quot;aws_cloudwatch_log_group&quot; &quot;vpc_flow_logs&quot; {
		255 |   count = var.enable_vpc_flow_logs ? 1 : 0
		256 | 
		257 |   name              = &quot;/aws/vpc/seabook-flow-logs-${var.environment}&quot;
		258 |   retention_in_days = var.vpc_flow_logs_retention
		259 | 
		260 |   tags = {
		261 |     Name        = &quot;seabook-flow-logs-${var.environment}&quot;
		262 |     Environment = var.environment
		263 |   }
		264 | }
</failure>
		</testcase>
		<testcase name="[NONE][CKV_AWS_355] Ensure no IAM policies documents allow &quot;*&quot; as a statement's resource for restrictable actions" classname="/modules/security/main.tf.module.security.aws_iam_role_policy.lambda_sqs" file="/modules/security/main.tf">
			<failure type="failure" message="Ensure no IAM policies documents allow &quot;*&quot; as a statement's resource for restrictable actions">
Resource: module.security.aws_iam_role_policy.lambda_sqs
File: /modules/security/main.tf: 16-42
Guideline: https://docs.prismacloud.io/en/enterprise-edition/policy-reference/aws-policies/aws-iam-policies/bc-aws-355

		16 | resource &quot;aws_iam_role_policy&quot; &quot;lambda_sqs&quot; {
		17 |   name = &quot;lambda-sqs-policy&quot;
		18 |   role = aws_iam_role.lambda.id
		19 |   policy = jsonencode({
		20 |     Version = &quot;2012-10-17&quot;
		21 |     Statement = [
		22 |       {
		23 |         Effect = &quot;Allow&quot;
		24 |         Action = [
		25 |           &quot;sqs:ReceiveMessage&quot;,
		26 |           &quot;sqs:DeleteMessage&quot;,
		27 |           &quot;sqs:GetQueueAttributes&quot;
		28 |         ]
		29 |         Resource = var.sqs_queue_arn
		30 |       },
		31 |       {
		32 |         Effect = &quot;Allow&quot;
		33 |         Action = [
		34 |           &quot;logs:CreateLogGroup&quot;,
		35 |           &quot;logs:CreateLogStream&quot;,
		36 |           &quot;logs:PutLogEvents&quot;
		37 |         ]
		38 |         Resource = &quot;*&quot;
		39 |       }
		40 |     ]
		41 |   })
		42 | }</failure>
		</testcase>
		<testcase name="[NONE][CKV_AWS_290] Ensure IAM policies does not allow write access without constraints" classname="/modules/security/main.tf.module.security.aws_iam_role_policy.lambda_sqs" file="/modules/security/main.tf">
			<failure type="failure" message="Ensure IAM policies does not allow write access without constraints">
Resource: module.security.aws_iam_role_policy.lambda_sqs
File: /modules/security/main.tf: 16-42
Guideline: https://docs.prismacloud.io/en/enterprise-edition/policy-reference/aws-policies/aws-iam-policies/bc-aws-290

		16 | resource &quot;aws_iam_role_policy&quot; &quot;lambda_sqs&quot; {
		17 |   name = &quot;lambda-sqs-policy&quot;
		18 |   role = aws_iam_role.lambda.id
		19 |   policy = jsonencode({
		20 |     Version = &quot;2012-10-17&quot;
		21 |     Statement = [
		22 |       {
		23 |         Effect = &quot;Allow&quot;
		24 |         Action = [
		25 |           &quot;sqs:ReceiveMessage&quot;,
		26 |           &quot;sqs:DeleteMessage&quot;,
		27 |           &quot;sqs:GetQueueAttributes&quot;
		28 |         ]
		29 |         Resource = var.sqs_queue_arn
		30 |       },
		31 |       {
		32 |         Effect = &quot;Allow&quot;
		33 |         Action = [
		34 |           &quot;logs:CreateLogGroup&quot;,
		35 |           &quot;logs:CreateLogStream&quot;,
		36 |           &quot;logs:PutLogEvents&quot;
		37 |         ]
		38 |         Resource = &quot;*&quot;
		39 |       }
		40 |     ]
		41 |   })
		42 | }</failure>
		</testcase>
		<testcase name="[NONE][CKV_AWS_18] Ensure the S3 bucket has access logging enabled" classname="/modules/cicd/main.tf.module.cicd.aws_s3_bucket.artifacts" file="/modules/cicd/main.tf">
			<failure type="failure" message="Ensure the S3 bucket has access logging enabled">
Resource: module.cicd.aws_s3_bucket.artifacts
File: /modules/cicd/main.tf: 9-17
Guideline: https://docs.prismacloud.io/en/enterprise-edition/policy-reference/aws-policies/s3-policies/s3-13-enable-logging

		9  | resource &quot;aws_s3_bucket&quot; &quot;artifacts&quot; {
		10 |   bucket = &quot;${var.project_name}-artifacts-${var.environment}&quot;
		11 |   force_destroy = var.environment != &quot;prod&quot;
		12 | 
		13 |   tags = {
		14 |     Name        = &quot;${var.project_name}-artifacts-${var.environment}&quot;
		15 |     Environment = var.environment
		16 |   }
		17 | }
</failure>
		</testcase>
		<testcase name="[NONE][CKV_AWS_18] Ensure the S3 bucket has access logging enabled" classname="/modules/database/main.tf.aws_s3_bucket.data_storage" file="/modules/database/main.tf">
			<failure type="failure" message="Ensure the S3 bucket has access logging enabled">
Resource: aws_s3_bucket.data_storage
File: /modules/database/main.tf: 130-139
Guideline: https://docs.prismacloud.io/en/enterprise-edition/policy-reference/aws-policies/s3-policies/s3-13-enable-logging

		130 | resource &quot;aws_s3_bucket&quot; &quot;data_storage&quot; {
		131 |   bucket = var.s3_bucket_name != null ? var.s3_bucket_name : &quot;seabook-media-storage-${var.environment}-${random_id.suffix.hex}&quot;
		132 | 
		133 |   force_destroy = var.environment != &quot;prod&quot;
		134 | 
		135 |   tags = {
		136 |     Name        = &quot;seabook-media-storage-${var.environment}&quot;
		137 |     Environment = var.environment
		138 |   }
		139 | }
</failure>
		</testcase>
		<testcase name="[NONE][CKV2_AWS_62] Ensure S3 buckets should have event notifications enabled" classname="/modules/cicd/main.tf.module.cicd.aws_s3_bucket.artifacts" file="/modules/cicd/main.tf">
			<failure type="failure" message="Ensure S3 buckets should have event notifications enabled">
Resource: module.cicd.aws_s3_bucket.artifacts
File: /modules/cicd/main.tf: 9-17
Guideline: https://docs.prismacloud.io/en/enterprise-edition/policy-reference/aws-policies/aws-logging-policies/bc-aws-2-62

		9  | resource &quot;aws_s3_bucket&quot; &quot;artifacts&quot; {
		10 |   bucket = &quot;${var.project_name}-artifacts-${var.environment}&quot;
		11 |   force_destroy = var.environment != &quot;prod&quot;
		12 | 
		13 |   tags = {
		14 |     Name        = &quot;${var.project_name}-artifacts-${var.environment}&quot;
		15 |     Environment = var.environment
		16 |   }
		17 | }
</failure>
		</testcase>
		<testcase name="[NONE][CKV2_AWS_62] Ensure S3 buckets should have event notifications enabled" classname="/modules/database/main.tf.aws_s3_bucket.data_storage" file="/modules/database/main.tf">
			<failure type="failure" message="Ensure S3 buckets should have event notifications enabled">
Resource: aws_s3_bucket.data_storage
File: /modules/database/main.tf: 130-139
Guideline: https://docs.prismacloud.io/en/enterprise-edition/policy-reference/aws-policies/aws-logging-policies/bc-aws-2-62

		130 | resource &quot;aws_s3_bucket&quot; &quot;data_storage&quot; {
		131 |   bucket = var.s3_bucket_name != null ? var.s3_bucket_name : &quot;seabook-media-storage-${var.environment}-${random_id.suffix.hex}&quot;
		132 | 
		133 |   force_destroy = var.environment != &quot;prod&quot;
		134 | 
		135 |   tags = {
		136 |     Name        = &quot;seabook-media-storage-${var.environment}&quot;
		137 |     Environment = var.environment
		138 |   }
		139 | }
</failure>
		</testcase>
		<testcase name="[NONE][CKV2_AWS_57] Ensure Secrets Manager secrets should have automatic rotation enabled" classname="/modules/database/main.tf.aws_secretsmanager_secret.db_credentials" file="/modules/database/main.tf">
			<failure type="failure" message="Ensure Secrets Manager secrets should have automatic rotation enabled">
Resource: aws_secretsmanager_secret.db_credentials
File: /modules/database/main.tf: 308-319
Guideline: https://docs.prismacloud.io/en/enterprise-edition/policy-reference/aws-policies/aws-general-policies/bc-aws-2-57

		308 | resource &quot;aws_secretsmanager_secret&quot; &quot;db_credentials&quot; {
		309 |   count = var.create_db_secret ? 1 : 0
		310 | 
		311 |   name                    = &quot;seabook-db-credentials-${var.environment}&quot;
		312 |   description             = &quot;Credenciales de la base de datos Aurora&quot;
		313 |   recovery_window_in_days = 7
		314 | 
		315 |   tags = {
		316 |     Name        = &quot;seabook-db-credentials-${var.environment}&quot;
		317 |     Environment = var.environment
		318 |   }
		319 | }
</failure>
		</testcase>
		<testcase name="[NONE][CKV2_AWS_19] Ensure that all EIP addresses allocated to a VPC are attached to EC2 instances" classname="/modules/networking/main.tf.aws_eip.nat[0]" file="/modules/networking/main.tf">
			<failure type="failure" message="Ensure that all EIP addresses allocated to a VPC are attached to EC2 instances">
Resource: aws_eip.nat[0]
File: /modules/networking/main.tf: 92-100
Guideline: https://docs.prismacloud.io/en/enterprise-edition/policy-reference/aws-policies/aws-networking-policies/ensure-that-all-eip-addresses-allocated-to-a-vpc-are-attached-to-ec2-instances

		92  | resource &quot;aws_eip&quot; &quot;nat&quot; {
		93  |   count  = var.enable_nat_gateway ? 1 : 0
		94  |   domain = &quot;vpc&quot;
		95  | 
		96  |   tags = {
		97  |     Name        = &quot;seabook-nat-eip-${var.environment}&quot;
		98  |     Environment = var.environment
		99  |   }
		100 | }
</failure>
		</testcase>
		<testcase name="[NONE][CKV_AWS_145] Ensure that S3 buckets are encrypted with KMS by default" classname="/modules/cicd/main.tf.module.cicd.aws_s3_bucket.artifacts" file="/modules/cicd/main.tf">
			<failure type="failure" message="Ensure that S3 buckets are encrypted with KMS by default">
Resource: module.cicd.aws_s3_bucket.artifacts
File: /modules/cicd/main.tf: 9-17
Guideline: https://docs.prismacloud.io/en/enterprise-edition/policy-reference/aws-policies/aws-general-policies/ensure-that-s3-buckets-are-encrypted-with-kms-by-default

		9  | resource &quot;aws_s3_bucket&quot; &quot;artifacts&quot; {
		10 |   bucket = &quot;${var.project_name}-artifacts-${var.environment}&quot;
		11 |   force_destroy = var.environment != &quot;prod&quot;
		12 | 
		13 |   tags = {
		14 |     Name        = &quot;${var.project_name}-artifacts-${var.environment}&quot;
		15 |     Environment = var.environment
		16 |   }
		17 | }
</failure>
		</testcase>
		<testcase name="[NONE][CKV_AWS_145] Ensure that S3 buckets are encrypted with KMS by default" classname="/modules/database/main.tf.aws_s3_bucket.data_storage" file="/modules/database/main.tf">
			<failure type="failure" message="Ensure that S3 buckets are encrypted with KMS by default">
Resource: aws_s3_bucket.data_storage
File: /modules/database/main.tf: 130-139
Guideline: https://docs.prismacloud.io/en/enterprise-edition/policy-reference/aws-policies/aws-general-policies/ensure-that-s3-buckets-are-encrypted-with-kms-by-default

		130 | resource &quot;aws_s3_bucket&quot; &quot;data_storage&quot; {
		131 |   bucket = var.s3_bucket_name != null ? var.s3_bucket_name : &quot;seabook-media-storage-${var.environment}-${random_id.suffix.hex}&quot;
		132 | 
		133 |   force_destroy = var.environment != &quot;prod&quot;
		134 | 
		135 |   tags = {
		136 |     Name        = &quot;seabook-media-storage-${var.environment}&quot;
		137 |     Environment = var.environment
		138 |   }
		139 | }
</failure>
		</testcase>
		<testcase name="[NONE][CKV2_AWS_8] Ensure that RDS clusters has backup plan of AWS Backup" classname="/modules/database/main.tf.aws_rds_cluster.aurora_serverless" file="/modules/database/main.tf">
			<failure type="failure" message="Ensure that RDS clusters has backup plan of AWS Backup">
Resource: aws_rds_cluster.aurora_serverless
File: /modules/database/main.tf: 57-104
Guideline: https://docs.prismacloud.io/en/enterprise-edition/policy-reference/aws-policies/aws-general-policies/ensure-that-rds-clusters-has-backup-plan-of-aws-backup

		57  | resource &quot;aws_rds_cluster&quot; &quot;aurora_serverless&quot; {
		58  |   cluster_identifier = &quot;seabook-aurora-${var.environment}&quot;
		59  |   engine             = &quot;aurora-mysql&quot;
		60  |   engine_version     = var.engine_version
		61  |   engine_mode        = &quot;provisioned&quot;
		62  | 
		63  |   database_name      = var.db_name
		64  |   master_username    = var.db_master_username
		65  |   master_password    = var.db_password
		66  | 
		67  |   vpc_security_group_ids              = [var.db_security_group_id]
		68  |   db_subnet_group_name                = aws_db_subnet_group.aurora.name
		69  |   db_cluster_parameter_group_name     = aws_rds_cluster_parameter_group.aurora.name
		70  | 
		71  |   # Serverless v2 scaling configuration
		72  |   serverlessv2_scaling_configuration {
		73  |     min_capacity = var.db_min_capacity
		74  |     max_capacity = var.db_max_capacity
		75  |   }
		76  | 
		77  |   # Alta disponibilidad Multi-AZ
		78  |   availability_zones = var.availability_zones
		79  | 
		80  |   # Backups y recuperación
		81  |   backup_retention_period       = var.db_backup_retention_period
		82  |   preferred_backup_window       = var.db_preferred_backup_window
		83  |   preferred_maintenance_window  = var.db_preferred_maintenance_window
		84  | 
		85  |   # Cifrado en reposo
		86  |   storage_encrypted = true
		87  |   kms_key_id        = var.kms_key_arn
		88  | 
		89  |   # Protección contra eliminación en producción
		90  |   deletion_protection = var.environment == &quot;prod&quot; ? true : false
		91  |   skip_final_snapshot = var.environment != &quot;prod&quot;
		92  | 
		93  |   # Performance Insights
		94  |   performance_insights_enabled = var.enable_performance_insights
		95  |   performance_insights_retention_period = var.environment == &quot;prod&quot; ? 31 : 7
		96  | 
		97  |   # Enabled CloudWatch logs
		98  |   enabled_cloudwatch_logs_exports = [&quot;audit&quot;, &quot;error&quot;, &quot;general&quot;, &quot;slowquery&quot;]
		99  | 
		100 |   tags = {
		101 |     Name        = &quot;seabook-aurora-cluster-${var.environment}&quot;
		102 |     Environment = var.environment
		103 |   }
		104 | }
</failure>
		</testcase>
		<testcase name="[NONE][CKV2_AWS_12] Ensure the default security group of every VPC restricts all traffic" classname="/modules/networking/main.tf.aws_vpc.this" file="/modules/networking/main.tf">
			<failure type="failure" message="Ensure the default security group of every VPC restricts all traffic">
Resource: aws_vpc.this
File: /modules/networking/main.tf: 9-18
Guideline: https://docs.prismacloud.io/en/enterprise-edition/policy-reference/aws-policies/aws-networking-policies/networking-4

		9  | resource &quot;aws_vpc&quot; &quot;this&quot; {
		10 |   cidr_block           = var.vpc_cidr
		11 |   enable_dns_hostnames = true
		12 |   enable_dns_support   = true
		13 | 
		14 |   tags = {
		15 |     Name        = &quot;seabook-vpc-${var.environment}&quot;
		16 |     Environment = var.environment
		17 |   }
		18 | }
</failure>
		</testcase>
		<testcase name="[NONE][CKV2_AWS_5] Ensure that Security Groups are attached to another resource" classname="/modules/networking/main.tf.aws_security_group.alb" file="/modules/networking/main.tf">
			<failure type="failure" message="Ensure that Security Groups are attached to another resource">
Resource: aws_security_group.alb
File: /modules/networking/main.tf: 148-181
Guideline: https://docs.prismacloud.io/en/enterprise-edition/policy-reference/aws-policies/aws-networking-policies/ensure-that-security-groups-are-attached-to-ec2-instances-or-elastic-network-interfaces-enis

		148 | resource &quot;aws_security_group&quot; &quot;alb&quot; {
		149 |   name        = &quot;seabook-alb-sg-${var.environment}&quot;
		150 |   vpc_id      = aws_vpc.this.id
		151 |   description = &quot;Permite tráfico HTTP y HTTPS desde internet&quot;
		152 | 
		153 |   ingress {
		154 |     from_port   = 80
		155 |     to_port     = 80
		156 |     protocol    = &quot;tcp&quot;
		157 |     cidr_blocks = [&quot;0.0.0.0/0&quot;]
		158 |     description = &quot;HTTP desde internet&quot;
		159 |   }
		160 | 
		161 |   ingress {
		162 |     from_port   = 443
		163 |     to_port     = 443
		164 |     protocol    = &quot;tcp&quot;
		165 |     cidr_blocks = [&quot;0.0.0.0/0&quot;]
		166 |     description = &quot;HTTPS desde internet&quot;
		167 |   }
		168 | 
		169 |   egress {
		170 |     from_port   = 0
		171 |     to_port     = 0
		172 |     protocol    = &quot;-1&quot;
		173 |     cidr_blocks = [&quot;0.0.0.0/0&quot;]
		174 |     description = &quot;Todo el tráfico saliente&quot;
		175 |   }
		176 | 
		177 |   tags = {
		178 |     Name        = &quot;seabook-alb-sg-${var.environment}&quot;
		179 |     Environment = var.environment
		180 |   }
		181 | }
</failure>
		</testcase>
		<testcase name="[NONE][CKV2_AWS_5] Ensure that Security Groups are attached to another resource" classname="/modules/networking/main.tf.aws_security_group.ecs" file="/modules/networking/main.tf">
			<failure type="failure" message="Ensure that Security Groups are attached to another resource">
Resource: aws_security_group.ecs
File: /modules/networking/main.tf: 184-209
Guideline: https://docs.prismacloud.io/en/enterprise-edition/policy-reference/aws-policies/aws-networking-policies/ensure-that-security-groups-are-attached-to-ec2-instances-or-elastic-network-interfaces-enis

		184 | resource &quot;aws_security_group&quot; &quot;ecs&quot; {
		185 |   name        = &quot;seabook-ecs-sg-${var.environment}&quot;
		186 |   vpc_id      = aws_vpc.this.id
		187 |   description = &quot;Permite tráfico solo desde el ALB&quot;
		188 | 
		189 |   ingress {
		190 |     from_port       = 80
		191 |     to_port         = 80
		192 |     protocol        = &quot;tcp&quot;
		193 |     security_groups = [aws_security_group.alb.id]
		194 |     description     = &quot;Tráfico desde el ALB&quot;
		195 |   }
		196 | 
		197 |   egress {
		198 |     from_port   = 0
		199 |     to_port     = 0
		200 |     protocol    = &quot;-1&quot;
		201 |     cidr_blocks = [&quot;0.0.0.0/0&quot;]
		202 |     description = &quot;Todo el tráfico saliente&quot;
		203 |   }
		204 | 
		205 |   tags = {
		206 |     Name        = &quot;seabook-ecs-sg-${var.environment}&quot;
		207 |     Environment = var.environment
		208 |   }
		209 | }
</failure>
		</testcase>
		<testcase name="[NONE][CKV2_AWS_5] Ensure that Security Groups are attached to another resource" classname="/modules/networking/main.tf.aws_security_group.rds" file="/modules/networking/main.tf">
			<failure type="failure" message="Ensure that Security Groups are attached to another resource">
Resource: aws_security_group.rds
File: /modules/networking/main.tf: 212-249
Guideline: https://docs.prismacloud.io/en/enterprise-edition/policy-reference/aws-policies/aws-networking-policies/ensure-that-security-groups-are-attached-to-ec2-instances-or-elastic-network-interfaces-enis

		212 | resource &quot;aws_security_group&quot; &quot;rds&quot; {
		213 |   name        = &quot;seabook-rds-sg-${var.environment}&quot;
		214 |   vpc_id      = aws_vpc.this.id
		215 |   description = &quot;Permite tráfico desde los microservicios ECS hacia Aurora&quot;
		216 | 
		217 |   ingress {
		218 |     from_port       = 3306
		219 |     to_port         = 3306
		220 |     protocol        = &quot;tcp&quot;
		221 |     security_groups = [aws_security_group.ecs.id]
		222 |     description     = &quot;MySQL/Aurora desde ECS&quot;
		223 |   }
		224 | 
		225 |   # Reglas opcionales para acceso administrativo
		226 |   dynamic &quot;ingress&quot; {
		227 |     for_each = var.allowed_admin_cidrs
		228 |     content {
		229 |       from_port   = 3306
		230 |       to_port     = 3306
		231 |       protocol    = &quot;tcp&quot;
		232 |       cidr_blocks = [ingress.value]
		233 |       description = &quot;Acceso administrativo desde IPs autorizadas&quot;
		234 |     }
		235 |   }
		236 | 
		237 |   egress {
		238 |     from_port   = 0
		239 |     to_port     = 0
		240 |     protocol    = &quot;-1&quot;
		241 |     cidr_blocks = [&quot;0.0.0.0/0&quot;]
		242 |     description = &quot;Todo el tráfico saliente&quot;
		243 |   }
		244 | 
		245 |   tags = {
		246 |     Name        = &quot;seabook-rds-sg-${var.environment}&quot;
		247 |     Environment = var.environment
		248 |   }
		249 | }
</failure>
		</testcase>
		<testcase name="[NONE][CKV_AWS_21] Ensure all data stored in the S3 bucket have versioning enabled" classname="/modules/cicd/main.tf.module.cicd.aws_s3_bucket.artifacts" file="/modules/cicd/main.tf">
			<failure type="failure" message="Ensure all data stored in the S3 bucket have versioning enabled">
Resource: module.cicd.aws_s3_bucket.artifacts
File: /modules/cicd/main.tf: 9-17
Guideline: https://docs.prismacloud.io/en/enterprise-edition/policy-reference/aws-policies/s3-policies/s3-16-enable-versioning

		9  | resource &quot;aws_s3_bucket&quot; &quot;artifacts&quot; {
		10 |   bucket = &quot;${var.project_name}-artifacts-${var.environment}&quot;
		11 |   force_destroy = var.environment != &quot;prod&quot;
		12 | 
		13 |   tags = {
		14 |     Name        = &quot;${var.project_name}-artifacts-${var.environment}&quot;
		15 |     Environment = var.environment
		16 |   }
		17 | }
</failure>
		</testcase>
		<testcase name="[NONE][CKV2_AWS_61] Ensure that an S3 bucket has a lifecycle configuration" classname="/modules/cicd/main.tf.module.cicd.aws_s3_bucket.artifacts" file="/modules/cicd/main.tf">
			<failure type="failure" message="Ensure that an S3 bucket has a lifecycle configuration">
Resource: module.cicd.aws_s3_bucket.artifacts
File: /modules/cicd/main.tf: 9-17
Guideline: https://docs.prismacloud.io/en/enterprise-edition/policy-reference/aws-policies/aws-logging-policies/bc-aws-2-61

		9  | resource &quot;aws_s3_bucket&quot; &quot;artifacts&quot; {
		10 |   bucket = &quot;${var.project_name}-artifacts-${var.environment}&quot;
		11 |   force_destroy = var.environment != &quot;prod&quot;
		12 | 
		13 |   tags = {
		14 |     Name        = &quot;${var.project_name}-artifacts-${var.environment}&quot;
		15 |     Environment = var.environment
		16 |   }
		17 | }
</failure>
		</testcase>
		<testcase name="[NONE][CKV_AWS_144] Ensure that S3 bucket has cross-region replication enabled" classname="/modules/cicd/main.tf.module.cicd.aws_s3_bucket.artifacts" file="/modules/cicd/main.tf">
			<failure type="failure" message="Ensure that S3 bucket has cross-region replication enabled">
Resource: module.cicd.aws_s3_bucket.artifacts
File: /modules/cicd/main.tf: 9-17
Guideline: https://docs.prismacloud.io/en/enterprise-edition/policy-reference/aws-policies/aws-general-policies/ensure-that-s3-bucket-has-cross-region-replication-enabled

		9  | resource &quot;aws_s3_bucket&quot; &quot;artifacts&quot; {
		10 |   bucket = &quot;${var.project_name}-artifacts-${var.environment}&quot;
		11 |   force_destroy = var.environment != &quot;prod&quot;
		12 | 
		13 |   tags = {
		14 |     Name        = &quot;${var.project_name}-artifacts-${var.environment}&quot;
		15 |     Environment = var.environment
		16 |   }
		17 | }
</failure>
		</testcase>
		<testcase name="[NONE][CKV_AWS_144] Ensure that S3 bucket has cross-region replication enabled" classname="/modules/database/main.tf.aws_s3_bucket.data_storage" file="/modules/database/main.tf">
			<failure type="failure" message="Ensure that S3 bucket has cross-region replication enabled">
Resource: aws_s3_bucket.data_storage
File: /modules/database/main.tf: 130-139
Guideline: https://docs.prismacloud.io/en/enterprise-edition/policy-reference/aws-policies/aws-general-policies/ensure-that-s3-bucket-has-cross-region-replication-enabled

		130 | resource &quot;aws_s3_bucket&quot; &quot;data_storage&quot; {
		131 |   bucket = var.s3_bucket_name != null ? var.s3_bucket_name : &quot;seabook-media-storage-${var.environment}-${random_id.suffix.hex}&quot;
		132 | 
		133 |   force_destroy = var.environment != &quot;prod&quot;
		134 | 
		135 |   tags = {
		136 |     Name        = &quot;seabook-media-storage-${var.environment}&quot;
		137 |     Environment = var.environment
		138 |   }
		139 | }
</failure>
		</testcase>
		<testcase name="[NONE][CKV2_AWS_6] Ensure that S3 bucket has a Public Access block" classname="/modules/cicd/main.tf.module.cicd.aws_s3_bucket.artifacts" file="/modules/cicd/main.tf">
			<failure type="failure" message="Ensure that S3 bucket has a Public Access block">
Resource: module.cicd.aws_s3_bucket.artifacts
File: /modules/cicd/main.tf: 9-17
Guideline: https://docs.prismacloud.io/en/enterprise-edition/policy-reference/aws-policies/aws-networking-policies/s3-bucket-should-have-public-access-blocks-defaults-to-false-if-the-public-access-block-is-not-attached

		9  | resource &quot;aws_s3_bucket&quot; &quot;artifacts&quot; {
		10 |   bucket = &quot;${var.project_name}-artifacts-${var.environment}&quot;
		11 |   force_destroy = var.environment != &quot;prod&quot;
		12 | 
		13 |   tags = {
		14 |     Name        = &quot;${var.project_name}-artifacts-${var.environment}&quot;
		15 |     Environment = var.environment
		16 |   }
		17 | }
</failure>
		</testcase>
	</testsuite>
	<testsuite disabled="0" errors="0" failures="2" name="secrets scan" skipped="0" tests="2" time="0">
		<properties>
			<property name="directory" value="['/tf']"/>
			<property name="add_check" value="False"/>
			<property name="list" value="False"/>
			<property name="output" value="['junitxml']"/>
			<property name="output_file_path" value="results.xml"/>
			<property name="output_bc_ids" value="False"/>
			<property name="include_all_checkov_policies" value="True"/>
			<property name="quiet" value="False"/>
			<property name="compact" value="False"/>
			<property name="framework" value="['all']"/>
			<property name="skip_framework" value="[]"/>
			<property name="run_all_external_checks" value="False"/>
			<property name="soft_fail" value="False"/>
			<property name="skip_results_upload" value="False"/>
			<property name="repo_id" value="cli_repo/tf"/>
			<property name="branch" value="master"/>
			<property name="skip_download" value="False"/>
			<property name="use_enforcement_rules" value="False"/>
			<property name="external_modules_download_path" value=".external_modules"/>
			<property name="evaluate_variables" value="True"/>
			<property name="no_cert_verify" value="False"/>
			<property name="create_baseline" value="False"/>
			<property name="output_baseline_as_skipped" value="False"/>
			<property name="secrets_scan_file_type" value="[]"/>
			<property name="enable_secret_scan_all_files" value="False"/>
			<property name="block_list_secret_scan" value="[]"/>
			<property name="summary_position" value="top"/>
			<property name="skip_resources_without_violations" value="False"/>
			<property name="deep_analysis" value="False"/>
			<property name="no_fail_on_crash" value="False"/>
			<property name="mask" value="defaultdict(&lt;class 'set'&gt;, {})"/>
			<property name="scan_secrets_history" value="False"/>
			<property name="secrets_history_timeout" value="12h"/>
			<property name="custom_tool_name" value="Checkov"/>
		</properties>
		<testcase name="[NONE][CKV_SECRET_6] Base64 High Entropy String" classname="/jenkins/groovy/jenkins.yaml.6feb71f0509f3a0dc13ffa7cbce2de048cb1cd28" file="/jenkins/groovy/jenkins.yaml">
			<failure type="failure" message="Base64 High Entropy String">
Resource: 6feb71f0509f3a0dc13ffa7cbce2de048cb1cd28
File: /jenkins/groovy/jenkins.yaml: 9-10
Guideline: https://docs.prismacloud.io/en/enterprise-edition/policy-reference/secrets-policies/secrets-policy-index/git-secrets-6

		9 |           password: &quot;El**********&quot;
</failure>
		</testcase>
		<testcase name="[NONE][CKV_SECRET_6] Base64 High Entropy String" classname="/src/web/Docker-compose.yaml.13bc1f8340917952d9a5128b5c47ad463d663e55" file="/src/web/Docker-compose.yaml">
			<failure type="failure" message="Base64 High Entropy String">
Resource: 13bc1f8340917952d9a5128b5c47ad463d663e55
File: /src/web/Docker-compose.yaml: 25-26
Guideline: https://docs.prismacloud.io/en/enterprise-edition/policy-reference/secrets-policies/secrets-policy-index/git-secrets-6

		25 |       DB_PASSWORD: se**********
</failure>
		</testcase>
	</testsuite>
</testsuites>
